#
# There is insufficient memory for the Java Runtime Environment to continue.
# Native memory allocation (mmap) failed to map 27262976 bytes for Failed to commit area from 0x0000000089a00000 to 0x000000008b400000 of length 27262976.
# Possible reasons:
#   The system is out of physical RAM or swap space
#   The process is running with CompressedOops enabled, and the Java Heap may be blocking the growth of the native heap
# Possible solutions:
#   Reduce memory load on the system
#   Increase physical memory or swap space
#   Check if swap backing store is full
#   Decrease Java heap size (-Xmx/-Xms)
#   Decrease number of Java threads
#   Decrease Java thread stack sizes (-Xss)
#   Set larger code cache with -XX:ReservedCodeCacheSize=
#   JVM is running with Unscaled Compressed Oops mode in which the Java heap is
#     placed in the first 4GB address space. The Java Heap base address is the
#     maximum limit for the native heap growth. Please use -XX:HeapBaseMinAddress
#     to set the Java Heap base and to place the Java Heap above 4GB virtual address.
# This output file may be truncated or incomplete.
#
#  Out of Memory Error (./src/hotspot/os/windows/os_windows.cpp:3301), pid=7388, tid=2216
#
# JRE version: OpenJDK Runtime Environment (11.0.10) (build 11.0.10+0-b96-7249189)
# Java VM: OpenJDK 64-Bit Server VM (11.0.10+0-b96-7249189, mixed mode, tiered, compressed oops, g1 gc, windows-amd64)
# No core dump will be written. Minidumps are not enabled by default on client versions of Windows
#

---------------  S U M M A R Y ------------

Command Line: org.jetbrains.kotlin.cli.jvm.K2JVMCompiler @C:\Users\usuario\AndroidStudioProjects\CardView\app\build\20211130_7707973433088624088.compiler.options

Host: Intel(R) Core(TM) i5-6200U CPU @ 2.30GHz, 4 cores, 7G,  Windows 10 , 64 bit Build 19041 (10.0.19041.1348)
Time: Tue Nov 30 10:05:31 2021 Hora oficial do Brasil elapsed time: 5.426707 seconds (0d 0h 0m 5s)

---------------  T H R E A D  ---------------

Current thread (0x00000276993ee800):  VMThread "VM Thread" [stack: 0x000000a5db800000,0x000000a5db900000] [id=2216]

Stack: [0x000000a5db800000,0x000000a5db900000]
[error occurred during error reporting (printing stack bounds), id 0xc0000005, EXCEPTION_ACCESS_VIOLATION (0xc0000005) at pc=0x0000027683a10f2d]

Native frames: (J=compiled Java code, j=interpreted, Vv=VM code, C=native code)
V  [jvm.dll+0x5ecfaa]
V  [jvm.dll+0x722bd5]
V  [jvm.dll+0x72412d]
V  [jvm.dll+0x724745]
V  [jvm.dll+0x7246fb]
V  [jvm.dll+0x5ec348]
V  [jvm.dll+0x5ecad8]
C  [ntdll.dll+0xa20cf]
C  [ntdll.dll+0x51454]
C  [ntdll.dll+0xa0bfe]
C  0x0000027683a10f2d

VM_Operation (0x000000a5db2faaa0): G1CollectForAllocation, mode: safepoint, requested by thread 0x00000276ff1b9800


---------------  P R O C E S S  ---------------

Threads class SMR info:
_java_thread_list=0x000002769d666a10, length=11, elements={
0x00000276ff1b9800, 0x0000027699416000, 0x0000027699418000, 0x000002769942f000,
0x0000027699430800, 0x0000027699434000, 0x0000027699438000, 0x000002769943f800,
0x0000027699452800, 0x0000027699f1d000, 0x000002769bb9c800
}

Java Threads: ( => current thread )
  0x00000276ff1b9800 JavaThread "main" [_thread_blocked, id=8068, stack(0x000000a5db200000,0x000000a5db300000)]
  0x0000027699416000 JavaThread "Reference Handler" daemon [_thread_blocked, id=4036, stack(0x000000a5db900000,0x000000a5dba00000)]
  0x0000027699418000 JavaThread "Finalizer" daemon [_thread_blocked, id=8616, stack(0x000000a5dba00000,0x000000a5dbb00000)]
  0x000002769942f000 JavaThread "Signal Dispatcher" daemon [_thread_blocked, id=9356, stack(0x000000a5dbb00000,0x000000a5dbc00000)]
  0x0000027699430800 JavaThread "Attach Listener" daemon [_thread_blocked, id=11080, stack(0x000000a5dbc00000,0x000000a5dbd00000)]
  0x0000027699434000 JavaThread "Service Thread" daemon [_thread_blocked, id=6276, stack(0x000000a5dbd00000,0x000000a5dbe00000)]
  0x0000027699438000 JavaThread "C2 CompilerThread0" daemon [_thread_blocked, id=12880, stack(0x000000a5dbe00000,0x000000a5dbf00000)]
  0x000002769943f800 JavaThread "C1 CompilerThread0" daemon [_thread_blocked, id=12708, stack(0x000000a5dbf00000,0x000000a5dc000000)]
  0x0000027699452800 JavaThread "Sweeper thread" daemon [_thread_blocked, id=15160, stack(0x000000a5dc000000,0x000000a5dc100000)]
  0x0000027699f1d000 JavaThread "Common-Cleaner" daemon [_thread_blocked, id=5284, stack(0x000000a5dc200000,0x000000a5dc300000)]
  0x000002769bb9c800 JavaThread "C2 CompilerThread1" daemon [_thread_in_native, id=14188, stack(0x000000a5dc300000,0x000000a5dc400000)]

Other Threads:
=>0x00000276993ee800 VMThread "VM Thread" [stack: 0x000000a5db800000,0x000000a5db900000] [id=2216]
  0x0000027699efa800 WatcherThread [stack: 0x000000a5dc100000,0x000000a5dc200000] [id=1796]
  0x00000276ff1d3000 GCTaskThread "GC Thread#0" [stack: 0x000000a5db300000,0x000000a5db400000] [id=2968]
  0x000002769a3ec800 GCTaskThread "GC Thread#1" [stack: 0x000000a5dc400000,0x000000a5dc500000] [id=13372]
  0x000002769a4d6800 GCTaskThread "GC Thread#2" [stack: 0x000000a5dc500000,0x000000a5dc600000] [id=8040]
  0x00000276ff202800 ConcurrentGCThread "G1 Main Marker" [stack: 0x000000a5db400000,0x000000a5db500000] [id=10576]
  0x00000276ff205000 ConcurrentGCThread "G1 Conc#0" [stack: 0x000000a5db500000,0x000000a5db600000] [id=9972]
  0x00000276ff298800 ConcurrentGCThread "G1 Refine#0" [stack: 0x000000a5db600000,0x000000a5db700000] [id=12088]
  0x00000276ff299800 ConcurrentGCThread "G1 Young RemSet Sampling" [stack: 0x000000a5db700000,0x000000a5db800000] [id=12920]

Threads with active compile tasks:
C2 CompilerThread0   5444 3816   !   4       jdk.internal.loader.Resource::getBytes (242 bytes)
C2 CompilerThread1   5444 3800       4       org.jetbrains.kotlin.load.java.structure.impl.classFiles.BinaryClassSignatureParser::parseParameterizedClassRefSignature (272 bytes)

VM state:at safepoint (normal execution)

VM Mutex/Monitor currently owned by a thread:  ([mutex/lock_event])
[0x00000276ff1b6060] Threads_lock - owner thread: 0x00000276993ee800
[0x00000276ff1b6f00] Heap_lock - owner thread: 0x00000276ff1b9800

Heap address: 0x0000000081a00000, size: 2022 MB, Compressed Oops mode: 32-bit
Narrow klass base: 0x0000000000000000, Narrow klass shift: 3
Compressed class space size: 1073741824 Address: 0x0000000100000000

Heap:
 garbage-first heap   total 157696K, used 27395K [0x0000000081a00000, 0x0000000100000000)
  region size 1024K, 7 young (7168K), 7 survivors (7168K)
 Metaspace       used 46961K, capacity 47603K, committed 47792K, reserved 1091584K
  class space    used 5565K, capacity 5804K, committed 5888K, reserved 1048576K
Heap Regions: E=young(eden), S=young(survivor), O=old, HS=humongous(starts), HC=humongous(continues), CS=collection set, F=free, A=archive, TAMS=top-at-mark-start (previous, next)
|   0|0x0000000081a00000, 0x0000000081b00000, 0x0000000081b00000|100%|HS|  |TAMS 0x0000000081b00000, 0x0000000081a00000| Complete 
|   1|0x0000000081b00000, 0x0000000081c00000, 0x0000000081c00000|100%|HC|  |TAMS 0x0000000081c00000, 0x0000000081b00000| Complete 
|   2|0x0000000081c00000, 0x0000000081d00000, 0x0000000081d00000|100%|HC|  |TAMS 0x0000000081d00000, 0x0000000081c00000| Complete 
|   3|0x0000000081d00000, 0x0000000081e00000, 0x0000000081e00000|100%| O|  |TAMS 0x0000000081e00000, 0x0000000081d00000| Untracked 
|   4|0x0000000081e00000, 0x0000000081f00000, 0x0000000081f00000|100%| O|  |TAMS 0x0000000081f00000, 0x0000000081e00000| Untracked 
|   5|0x0000000081f00000, 0x0000000082000000, 0x0000000082000000|100%|HS|  |TAMS 0x0000000082000000, 0x0000000081f00000| Complete 
|   6|0x0000000082000000, 0x0000000082100000, 0x0000000082100000|100%|HC|  |TAMS 0x0000000082100000, 0x0000000082000000| Complete 
|   7|0x0000000082100000, 0x0000000082200000, 0x0000000082200000|100%|HC|  |TAMS 0x0000000082200000, 0x0000000082100000| Complete 
|   8|0x0000000082200000, 0x0000000082300000, 0x0000000082300000|100%|HS|  |TAMS 0x0000000082200000, 0x0000000082200000| Complete 
|   9|0x0000000082300000, 0x0000000082400000, 0x0000000082400000|100%|HC|  |TAMS 0x0000000082300000, 0x0000000082300000| Complete 
|  10|0x0000000082400000, 0x0000000082500000, 0x0000000082500000|100%| O|  |TAMS 0x0000000082500000, 0x0000000082400000| Untracked 
|  11|0x0000000082500000, 0x0000000082600000, 0x0000000082600000|100%| O|  |TAMS 0x0000000082600000, 0x0000000082500000| Untracked 
|  12|0x0000000082600000, 0x0000000082700000, 0x0000000082700000|100%| O|  |TAMS 0x0000000082700000, 0x0000000082600000| Untracked 
|  13|0x0000000082700000, 0x0000000082800000, 0x0000000082800000|100%| O|  |TAMS 0x0000000082800000, 0x0000000082700000| Untracked 
|  14|0x0000000082800000, 0x0000000082900000, 0x0000000082900000|100%| O|  |TAMS 0x0000000082900000, 0x0000000082800000| Untracked 
|  15|0x0000000082900000, 0x0000000082a00000, 0x0000000082a00000|100%| O|  |TAMS 0x0000000082a00000, 0x0000000082900000| Untracked 
|  16|0x0000000082a00000, 0x0000000082b00000, 0x0000000082b00000|100%| O|  |TAMS 0x0000000082b00000, 0x0000000082a00000| Untracked 
|  17|0x0000000082b00000, 0x0000000082c00000, 0x0000000082c00000|100%| O|  |TAMS 0x0000000082c00000, 0x0000000082b00000| Untracked 
|  18|0x0000000082c00000, 0x0000000082d00000, 0x0000000082d00000|100%| O|  |TAMS 0x0000000082d00000, 0x0000000082c00000| Untracked 
|  19|0x0000000082d00000, 0x0000000082dc0e00, 0x0000000082e00000| 75%| O|  |TAMS 0x0000000082dc0e00, 0x0000000082d00000| Untracked 
|  20|0x0000000082e00000, 0x0000000082e00000, 0x0000000082f00000|  0%| F|  |TAMS 0x0000000082e00000, 0x0000000082e00000| Untracked 
|  21|0x0000000082f00000, 0x0000000082f00000, 0x0000000083000000|  0%| F|  |TAMS 0x0000000082f00000, 0x0000000082f00000| Untracked 
|  22|0x0000000083000000, 0x0000000083000000, 0x0000000083100000|  0%| F|  |TAMS 0x0000000083000000, 0x0000000083000000| Untracked 
|  23|0x0000000083100000, 0x0000000083100000, 0x0000000083200000|  0%| F|  |TAMS 0x0000000083100000, 0x0000000083100000| Untracked 
|  24|0x0000000083200000, 0x0000000083200000, 0x0000000083300000|  0%| F|  |TAMS 0x0000000083200000, 0x0000000083200000| Untracked 
|  25|0x0000000083300000, 0x0000000083300000, 0x0000000083400000|  0%| F|  |TAMS 0x0000000083300000, 0x0000000083300000| Untracked 
|  26|0x0000000083400000, 0x0000000083400000, 0x0000000083500000|  0%| F|  |TAMS 0x0000000083400000, 0x0000000083400000| Untracked 
|  27|0x0000000083500000, 0x0000000083500000, 0x0000000083600000|  0%| F|  |TAMS 0x0000000083500000, 0x0000000083500000| Untracked 
|  28|0x0000000083600000, 0x0000000083600000, 0x0000000083700000|  0%| F|  |TAMS 0x0000000083600000, 0x0000000083600000| Untracked 
|  29|0x0000000083700000, 0x0000000083700000, 0x0000000083800000|  0%| F|  |TAMS 0x0000000083700000, 0x0000000083700000| Untracked 
|  30|0x0000000083800000, 0x0000000083800000, 0x0000000083900000|  0%| F|  |TAMS 0x0000000083800000, 0x0000000083800000| Untracked 
|  31|0x0000000083900000, 0x0000000083900000, 0x0000000083a00000|  0%| F|  |TAMS 0x0000000083900000, 0x0000000083900000| Untracked 
|  32|0x0000000083a00000, 0x0000000083a00000, 0x0000000083b00000|  0%| F|  |TAMS 0x0000000083a00000, 0x0000000083a00000| Untracked 
|  33|0x0000000083b00000, 0x0000000083b00000, 0x0000000083c00000|  0%| F|  |TAMS 0x0000000083b00000, 0x0000000083b00000| Untracked 
|  34|0x0000000083c00000, 0x0000000083c00000, 0x0000000083d00000|  0%| F|  |TAMS 0x0000000083c00000, 0x0000000083c00000| Untracked 
|  35|0x0000000083d00000, 0x0000000083d00000, 0x0000000083e00000|  0%| F|  |TAMS 0x0000000083d00000, 0x0000000083d00000| Untracked 
|  36|0x0000000083e00000, 0x0000000083e00000, 0x0000000083f00000|  0%| F|  |TAMS 0x0000000083e00000, 0x0000000083e00000| Untracked 
|  37|0x0000000083f00000, 0x0000000083f00000, 0x0000000084000000|  0%| F|  |TAMS 0x0000000083f00000, 0x0000000083f00000| Untracked 
|  38|0x0000000084000000, 0x0000000084000000, 0x0000000084100000|  0%| F|  |TAMS 0x0000000084000000, 0x0000000084000000| Untracked 
|  39|0x0000000084100000, 0x0000000084100000, 0x0000000084200000|  0%| F|  |TAMS 0x0000000084100000, 0x0000000084100000| Untracked 
|  40|0x0000000084200000, 0x0000000084200000, 0x0000000084300000|  0%| F|  |TAMS 0x0000000084200000, 0x0000000084200000| Untracked 
|  41|0x0000000084300000, 0x0000000084300000, 0x0000000084400000|  0%| F|  |TAMS 0x0000000084300000, 0x0000000084300000| Untracked 
|  42|0x0000000084400000, 0x0000000084400000, 0x0000000084500000|  0%| F|  |TAMS 0x0000000084400000, 0x0000000084400000| Untracked 
|  43|0x0000000084500000, 0x0000000084500000, 0x0000000084600000|  0%| F|  |TAMS 0x0000000084500000, 0x0000000084500000| Untracked 
|  44|0x0000000084600000, 0x0000000084600000, 0x0000000084700000|  0%| F|  |TAMS 0x0000000084600000, 0x0000000084600000| Untracked 
|  45|0x0000000084700000, 0x0000000084700000, 0x0000000084800000|  0%| F|  |TAMS 0x0000000084700000, 0x0000000084700000| Untracked 
|  46|0x0000000084800000, 0x0000000084800000, 0x0000000084900000|  0%| F|  |TAMS 0x0000000084800000, 0x0000000084800000| Untracked 
|  47|0x0000000084900000, 0x0000000084900000, 0x0000000084a00000|  0%| F|  |TAMS 0x0000000084900000, 0x0000000084900000| Untracked 
|  48|0x0000000084a00000, 0x0000000084a00000, 0x0000000084b00000|  0%| F|  |TAMS 0x0000000084a00000, 0x0000000084a00000| Untracked 
|  49|0x0000000084b00000, 0x0000000084b00000, 0x0000000084c00000|  0%| F|  |TAMS 0x0000000084b00000, 0x0000000084b00000| Untracked 
|  50|0x0000000084c00000, 0x0000000084c00000, 0x0000000084d00000|  0%| F|  |TAMS 0x0000000084c00000, 0x0000000084c00000| Untracked 
|  51|0x0000000084d00000, 0x0000000084d00000, 0x0000000084e00000|  0%| F|  |TAMS 0x0000000084d00000, 0x0000000084d00000| Untracked 
|  52|0x0000000084e00000, 0x0000000084e00000, 0x0000000084f00000|  0%| F|  |TAMS 0x0000000084e00000, 0x0000000084e00000| Untracked 
|  53|0x0000000084f00000, 0x0000000084f00000, 0x0000000085000000|  0%| F|  |TAMS 0x0000000084f00000, 0x0000000084f00000| Untracked 
|  54|0x0000000085000000, 0x0000000085000000, 0x0000000085100000|  0%| F|  |TAMS 0x0000000085000000, 0x0000000085000000| Untracked 
|  55|0x0000000085100000, 0x0000000085100000, 0x0000000085200000|  0%| F|  |TAMS 0x0000000085100000, 0x0000000085100000| Untracked 
|  56|0x0000000085200000, 0x0000000085200000, 0x0000000085300000|  0%| F|  |TAMS 0x0000000085200000, 0x0000000085200000| Untracked 
|  57|0x0000000085300000, 0x0000000085300000, 0x0000000085400000|  0%| F|  |TAMS 0x0000000085300000, 0x0000000085300000| Untracked 
|  58|0x0000000085400000, 0x0000000085400000, 0x0000000085500000|  0%| F|  |TAMS 0x0000000085400000, 0x0000000085400000| Untracked 
|  59|0x0000000085500000, 0x0000000085500000, 0x0000000085600000|  0%| F|  |TAMS 0x0000000085500000, 0x0000000085500000| Untracked 
|  60|0x0000000085600000, 0x0000000085600000, 0x0000000085700000|  0%| F|  |TAMS 0x0000000085600000, 0x0000000085600000| Untracked 
|  61|0x0000000085700000, 0x0000000085700000, 0x0000000085800000|  0%| F|  |TAMS 0x0000000085700000, 0x0000000085700000| Untracked 
|  62|0x0000000085800000, 0x0000000085800000, 0x0000000085900000|  0%| F|  |TAMS 0x0000000085800000, 0x0000000085800000| Untracked 
|  63|0x0000000085900000, 0x0000000085900000, 0x0000000085a00000|  0%| F|  |TAMS 0x0000000085900000, 0x0000000085900000| Untracked 
|  64|0x0000000085a00000, 0x0000000085b00000, 0x0000000085b00000|100%| S|CS|TAMS 0x0000000085a00000, 0x0000000085a00000| Complete 
|  65|0x0000000085b00000, 0x0000000085c00000, 0x0000000085c00000|100%| S|CS|TAMS 0x0000000085b00000, 0x0000000085b00000| Complete 
|  66|0x0000000085c00000, 0x0000000085d00000, 0x0000000085d00000|100%| S|CS|TAMS 0x0000000085c00000, 0x0000000085c00000| Complete 
|  67|0x0000000085d00000, 0x0000000085e00000, 0x0000000085e00000|100%| S|CS|TAMS 0x0000000085d00000, 0x0000000085d00000| Complete 
|  68|0x0000000085e00000, 0x0000000085f00000, 0x0000000085f00000|100%| S|CS|TAMS 0x0000000085e00000, 0x0000000085e00000| Complete 
|  69|0x0000000085f00000, 0x0000000086000000, 0x0000000086000000|100%| S|CS|TAMS 0x0000000085f00000, 0x0000000085f00000| Complete 
|  70|0x0000000086000000, 0x0000000086100000, 0x0000000086100000|100%| S|CS|TAMS 0x0000000086000000, 0x0000000086000000| Complete 
|  71|0x0000000086100000, 0x0000000086100000, 0x0000000086200000|  0%| F|  |TAMS 0x0000000086100000, 0x0000000086100000| Untracked 
|  72|0x0000000086200000, 0x0000000086200000, 0x0000000086300000|  0%| F|  |TAMS 0x0000000086200000, 0x0000000086200000| Untracked 
|  73|0x0000000086300000, 0x0000000086300000, 0x0000000086400000|  0%| F|  |TAMS 0x0000000086300000, 0x0000000086300000| Untracked 
|  74|0x0000000086400000, 0x0000000086400000, 0x0000000086500000|  0%| F|  |TAMS 0x0000000086400000, 0x0000000086400000| Untracked 
|  75|0x0000000086500000, 0x0000000086500000, 0x0000000086600000|  0%| F|  |TAMS 0x0000000086500000, 0x0000000086500000| Untracked 
|  76|0x0000000086600000, 0x0000000086600000, 0x0000000086700000|  0%| F|  |TAMS 0x0000000086600000, 0x0000000086600000| Untracked 
|  77|0x0000000086700000, 0x0000000086700000, 0x0000000086800000|  0%| F|  |TAMS 0x0000000086700000, 0x0000000086700000| Untracked 
|  78|0x0000000086800000, 0x0000000086800000, 0x0000000086900000|  0%| F|  |TAMS 0x0000000086800000, 0x0000000086800000| Untracked 
|  79|0x0000000086900000, 0x0000000086900000, 0x0000000086a00000|  0%| F|  |TAMS 0x0000000086900000, 0x0000000086900000| Untracked 
|  80|0x0000000086a00000, 0x0000000086a00000, 0x0000000086b00000|  0%| F|  |TAMS 0x0000000086a00000, 0x0000000086a00000| Untracked 
|  81|0x0000000086b00000, 0x0000000086b00000, 0x0000000086c00000|  0%| F|  |TAMS 0x0000000086b00000, 0x0000000086b00000| Untracked 
|  82|0x0000000086c00000, 0x0000000086c00000, 0x0000000086d00000|  0%| F|  |TAMS 0x0000000086c00000, 0x0000000086c00000| Untracked 
|  83|0x0000000086d00000, 0x0000000086d00000, 0x0000000086e00000|  0%| F|  |TAMS 0x0000000086d00000, 0x0000000086d00000| Untracked 
|  84|0x0000000086e00000, 0x0000000086e00000, 0x0000000086f00000|  0%| F|  |TAMS 0x0000000086e00000, 0x0000000086e00000| Untracked 
|  85|0x0000000086f00000, 0x0000000086f00000, 0x0000000087000000|  0%| F|  |TAMS 0x0000000086f00000, 0x0000000086f00000| Untracked 
|  86|0x0000000087000000, 0x0000000087000000, 0x0000000087100000|  0%| F|  |TAMS 0x0000000087000000, 0x0000000087000000| Untracked 
|  87|0x0000000087100000, 0x0000000087100000, 0x0000000087200000|  0%| F|  |TAMS 0x0000000087100000, 0x0000000087100000| Untracked 
|  88|0x0000000087200000, 0x0000000087200000, 0x0000000087300000|  0%| F|  |TAMS 0x0000000087200000, 0x0000000087200000| Untracked 
|  89|0x0000000087300000, 0x0000000087300000, 0x0000000087400000|  0%| F|  |TAMS 0x0000000087300000, 0x0000000087300000| Untracked 
|  90|0x0000000087400000, 0x0000000087400000, 0x0000000087500000|  0%| F|  |TAMS 0x0000000087400000, 0x0000000087400000| Untracked 
|  91|0x0000000087500000, 0x0000000087500000, 0x0000000087600000|  0%| F|  |TAMS 0x0000000087500000, 0x0000000087500000| Untracked 
|  92|0x0000000087600000, 0x0000000087600000, 0x0000000087700000|  0%| F|  |TAMS 0x0000000087600000, 0x0000000087600000| Untracked 
|  93|0x0000000087700000, 0x0000000087700000, 0x0000000087800000|  0%| F|  |TAMS 0x0000000087700000, 0x0000000087700000| Untracked 
|  94|0x0000000087800000, 0x0000000087800000, 0x0000000087900000|  0%| F|  |TAMS 0x0000000087800000, 0x0000000087800000| Untracked 
|  95|0x0000000087900000, 0x0000000087900000, 0x0000000087a00000|  0%| F|  |TAMS 0x0000000087900000, 0x0000000087900000| Untracked 
|  96|0x0000000087a00000, 0x0000000087a00000, 0x0000000087b00000|  0%| F|  |TAMS 0x0000000087a00000, 0x0000000087a00000| Untracked 
|  97|0x0000000087b00000, 0x0000000087b00000, 0x0000000087c00000|  0%| F|  |TAMS 0x0000000087b00000, 0x0000000087b00000| Untracked 
|  98|0x0000000087c00000, 0x0000000087c00000, 0x0000000087d00000|  0%| F|  |TAMS 0x0000000087c00000, 0x0000000087c00000| Untracked 
|  99|0x0000000087d00000, 0x0000000087d00000, 0x0000000087e00000|  0%| F|  |TAMS 0x0000000087d00000, 0x0000000087d00000| Untracked 
| 100|0x0000000087e00000, 0x0000000087e00000, 0x0000000087f00000|  0%| F|  |TAMS 0x0000000087e00000, 0x0000000087e00000| Untracked 
| 101|0x0000000087f00000, 0x0000000087f00000, 0x0000000088000000|  0%| F|  |TAMS 0x0000000087f00000, 0x0000000087f00000| Untracked 
| 102|0x0000000088000000, 0x0000000088000000, 0x0000000088100000|  0%| F|  |TAMS 0x0000000088000000, 0x0000000088000000| Untracked 
| 103|0x0000000088100000, 0x0000000088100000, 0x0000000088200000|  0%| F|  |TAMS 0x0000000088100000, 0x0000000088100000| Untracked 
| 104|0x0000000088200000, 0x0000000088200000, 0x0000000088300000|  0%| F|  |TAMS 0x0000000088200000, 0x0000000088200000| Untracked 
| 105|0x0000000088300000, 0x0000000088300000, 0x0000000088400000|  0%| F|  |TAMS 0x0000000088300000, 0x0000000088300000| Untracked 
| 106|0x0000000088400000, 0x0000000088400000, 0x0000000088500000|  0%| F|  |TAMS 0x0000000088400000, 0x0000000088400000| Untracked 
| 107|0x0000000088500000, 0x0000000088500000, 0x0000000088600000|  0%| F|  |TAMS 0x0000000088500000, 0x0000000088500000| Untracked 
| 108|0x0000000088600000, 0x0000000088600000, 0x0000000088700000|  0%| F|  |TAMS 0x0000000088600000, 0x0000000088600000| Untracked 
| 109|0x0000000088700000, 0x0000000088700000, 0x0000000088800000|  0%| F|  |TAMS 0x0000000088700000, 0x0000000088700000| Untracked 
| 110|0x0000000088800000, 0x0000000088800000, 0x0000000088900000|  0%| F|  |TAMS 0x0000000088800000, 0x0000000088800000| Untracked 
| 111|0x0000000088900000, 0x0000000088900000, 0x0000000088a00000|  0%| F|  |TAMS 0x0000000088900000, 0x0000000088900000| Untracked 
| 112|0x0000000088a00000, 0x0000000088a00000, 0x0000000088b00000|  0%| F|  |TAMS 0x0000000088a00000, 0x0000000088a00000| Untracked 
| 113|0x0000000088b00000, 0x0000000088b00000, 0x0000000088c00000|  0%| F|  |TAMS 0x0000000088b00000, 0x0000000088b00000| Untracked 
| 114|0x0000000088c00000, 0x0000000088c00000, 0x0000000088d00000|  0%| F|  |TAMS 0x0000000088c00000, 0x0000000088c00000| Untracked 
| 115|0x0000000088d00000, 0x0000000088d00000, 0x0000000088e00000|  0%| F|  |TAMS 0x0000000088d00000, 0x0000000088d00000| Untracked 
| 116|0x0000000088e00000, 0x0000000088e00000, 0x0000000088f00000|  0%| F|  |TAMS 0x0000000088e00000, 0x0000000088e00000| Untracked 
| 117|0x0000000088f00000, 0x0000000088f00000, 0x0000000089000000|  0%| F|  |TAMS 0x0000000088f00000, 0x0000000088f00000| Untracked 
| 118|0x0000000089000000, 0x0000000089000000, 0x0000000089100000|  0%| F|  |TAMS 0x0000000089000000, 0x0000000089000000| Untracked 
| 119|0x0000000089100000, 0x0000000089100000, 0x0000000089200000|  0%| F|  |TAMS 0x0000000089100000, 0x0000000089100000| Untracked 
| 120|0x0000000089200000, 0x0000000089200000, 0x0000000089300000|  0%| F|  |TAMS 0x0000000089200000, 0x0000000089200000| Untracked 
| 121|0x0000000089300000, 0x0000000089300000, 0x0000000089400000|  0%| F|  |TAMS 0x0000000089300000, 0x0000000089300000| Untracked 
| 122|0x0000000089400000, 0x0000000089400000, 0x0000000089500000|  0%| F|  |TAMS 0x0000000089400000, 0x0000000089400000| Untracked 
| 123|0x0000000089500000, 0x0000000089500000, 0x0000000089600000|  0%| F|  |TAMS 0x0000000089500000, 0x0000000089500000| Untracked 
| 124|0x0000000089600000, 0x0000000089600000, 0x0000000089700000|  0%| F|  |TAMS 0x0000000089600000, 0x0000000089600000| Untracked 
| 125|0x0000000089700000, 0x0000000089700000, 0x0000000089800000|  0%| F|  |TAMS 0x0000000089700000, 0x0000000089700000| Untracked 
| 126|0x0000000089800000, 0x0000000089800000, 0x0000000089900000|  0%| F|  |TAMS 0x0000000089800000, 0x0000000089800000| Untracked 
| 127|0x0000000089900000, 0x0000000089900000, 0x0000000089a00000|  0%| F|  |TAMS 0x0000000089900000, 0x0000000089900000| Untracked 

Card table byte_map: [0x0000027692a10000,0x0000027692e10000] _byte_map_base: 0x0000027692603000

Marking Bits (Prev, Next): (CMBitMap*) 0x00000276ff1f9bf8, (CMBitMap*) 0x00000276ff1f9c30
 Prev Bits: [0x0000027693210000, 0x00000276951a8000)
 Next Bits: [0x00000276951b0000, 0x0000027697148000)

Polling page: 0x00000276fd820000

Metaspace:

Usage:
  Non-class:     40.82 MB capacity,    40.43 MB (>99%) used,   330.63 KB ( <1%) free+waste,    71.88 KB ( <1%) overhead. 
      Class:      5.67 MB capacity,     5.43 MB ( 96%) used,   207.10 KB (  4%) free+waste,    31.69 KB ( <1%) overhead. 
       Both:     46.49 MB capacity,    45.86 MB ( 99%) used,   537.73 KB (  1%) free+waste,   103.56 KB ( <1%) overhead. 

Virtual space:
  Non-class space:       42.00 MB reserved,      40.92 MB ( 97%) committed 
      Class space:        1.00 GB reserved,       5.75 MB ( <1%) committed 
             Both:        1.04 GB reserved,      46.67 MB (  4%) committed 

Chunk freelists:
   Non-Class:  41.00 KB
       Class:  20.00 KB
        Both:  61.00 KB

MaxMetaspaceSize: 17179869184.00 GB
CompressedClassSpaceSize: 1.00 GB

CodeHeap 'non-profiled nmethods': size=120064Kb used=1622Kb max_used=1622Kb free=118441Kb
 bounds [0x000002768b4d0000, 0x000002768b740000, 0x0000027692a10000]
CodeHeap 'profiled nmethods': size=120000Kb used=7943Kb max_used=7943Kb free=112056Kb
 bounds [0x0000027683fa0000, 0x0000027684770000, 0x000002768b4d0000]
CodeHeap 'non-nmethods': size=5696Kb used=1189Kb max_used=1240Kb free=4506Kb
 bounds [0x0000027683a10000, 0x0000027683c80000, 0x0000027683fa0000]
 total_blobs=4365 nmethods=3820 adapters=456
 compilation: enabled
              stopped_count=0, restarted_count=0
 full_count=0

Compilation events (20 events):
Event: 5.362 Thread 0x000002769943f800 3833   !   3       org.jetbrains.kotlin.metadata.ProtoBuf$Class::<init> (2097 bytes)
Event: 5.365 Thread 0x0000027699438000 nmethod 3812 0x000002768b65fc90 code [0x000002768b65ff40, 0x000002768b662170]
Event: 5.367 Thread 0x0000027699438000 3813       4       java.text.StringCharacterIterator::current (37 bytes)
Event: 5.369 Thread 0x0000027699438000 nmethod 3813 0x000002768b663690 code [0x000002768b663840, 0x000002768b663988]
Event: 5.369 Thread 0x0000027699438000 3821       4       java.util.zip.ZipFile::getZipEntry (325 bytes)
Event: 5.403 Thread 0x000002769943f800 nmethod 3833 0x000002768473b310 code [0x000002768473d080, 0x0000027684755f28]
Event: 5.403 Thread 0x000002769943f800 3834       3       org.jetbrains.kotlin.metadata.ProtoBuf$Annotation::newBuilder (4 bytes)
Event: 5.404 Thread 0x000002769943f800 nmethod 3834 0x000002768475db90 code [0x000002768475dd80, 0x000002768475e278]
Event: 5.404 Thread 0x000002769943f800 3835       3       org.jetbrains.kotlin.metadata.ProtoBuf$Annotation$Builder::access$4200 (4 bytes)
Event: 5.404 Thread 0x000002769943f800 nmethod 3835 0x000002768475e490 code [0x000002768475e680, 0x000002768475eb38]
Event: 5.404 Thread 0x000002769943f800 3836       3       org.jetbrains.kotlin.metadata.ProtoBuf$Annotation$Builder::create (8 bytes)
Event: 5.404 Thread 0x000002769943f800 nmethod 3836 0x000002768475ed10 code [0x000002768475ef00, 0x000002768475f338]
Event: 5.404 Thread 0x000002769943f800 3837       3       org.jetbrains.kotlin.metadata.ProtoBuf$Annotation$Builder::<init> (16 bytes)
Event: 5.404 Thread 0x000002769943f800 nmethod 3837 0x000002768475f490 code [0x000002768475f680, 0x000002768475fa38]
Event: 5.405 Thread 0x000002769943f800 3838       3       org.jetbrains.kotlin.metadata.ProtoBuf$Annotation$Builder::mergeFrom (107 bytes)
Event: 5.405 Thread 0x000002769943f800 nmethod 3838 0x000002768475fb90 code [0x000002768475fde0, 0x00000276847606a8]
Event: 5.405 Thread 0x000002769943f800 3839       3       org.jetbrains.kotlin.metadata.ProtoBuf$Annotation$Builder::buildPartial (86 bytes)
Event: 5.406 Thread 0x000002769943f800 nmethod 3839 0x0000027684760910 code [0x0000027684760ba0, 0x0000027684761a98]
Event: 5.407 Thread 0x0000027699438000 nmethod 3821 0x000002768b663b10 code [0x000002768b663d20, 0x000002768b665008]
Event: 5.407 Thread 0x0000027699438000 3816   !   4       jdk.internal.loader.Resource::getBytes (242 bytes)

GC Heap History (9 events):
Event: 0.577 GC heap before
{Heap before GC invocations=0 (full 0):
 garbage-first heap   total 131072K, used 17408K [0x0000000081a00000, 0x0000000100000000)
  region size 1024K, 14 young (14336K), 0 survivors (0K)
 Metaspace       used 9784K, capacity 9871K, committed 10112K, reserved 1058816K
  class space    used 839K, capacity 884K, committed 896K, reserved 1048576K
}
Event: 0.581 GC heap after
{Heap after GC invocations=1 (full 0):
 garbage-first heap   total 131072K, used 5206K [0x0000000081a00000, 0x0000000100000000)
  region size 1024K, 2 young (2048K), 2 survivors (2048K)
 Metaspace       used 9784K, capacity 9871K, committed 10112K, reserved 1058816K
  class space    used 839K, capacity 884K, committed 896K, reserved 1048576K
}
Event: 1.619 GC heap before
{Heap before GC invocations=1 (full 0):
 garbage-first heap   total 131072K, used 50262K [0x0000000081a00000, 0x0000000100000000)
  region size 1024K, 47 young (48128K), 2 survivors (2048K)
 Metaspace       used 20887K, capacity 21176K, committed 21296K, reserved 1069056K
  class space    used 2265K, capacity 2380K, committed 2432K, reserved 1048576K
}
Event: 1.635 GC heap after
{Heap after GC invocations=2 (full 0):
 garbage-first heap   total 131072K, used 9123K [0x0000000081a00000, 0x0000000100000000)
  region size 1024K, 6 young (6144K), 6 survivors (6144K)
 Metaspace       used 20887K, capacity 21176K, committed 21296K, reserved 1069056K
  class space    used 2265K, capacity 2380K, committed 2432K, reserved 1048576K
}
Event: 2.884 GC heap before
{Heap before GC invocations=3 (full 0):
 garbage-first heap   total 131072K, used 62371K [0x0000000081a00000, 0x0000000100000000)
  region size 1024K, 53 young (54272K), 6 survivors (6144K)
 Metaspace       used 31924K, capacity 32404K, committed 32688K, reserved 1077248K
  class space    used 4030K, capacity 4227K, committed 4352K, reserved 1048576K
}
Event: 2.907 GC heap after
{Heap after GC invocations=4 (full 0):
 garbage-first heap   total 131072K, used 20823K [0x0000000081a00000, 0x0000000100000000)
  region size 1024K, 7 young (7168K), 7 survivors (7168K)
 Metaspace       used 31924K, capacity 32404K, committed 32688K, reserved 1077248K
  class space    used 4030K, capacity 4227K, committed 4352K, reserved 1048576K
}
Event: 3.326 GC heap before
{Heap before GC invocations=4 (full 0):
 garbage-first heap   total 131072K, used 35159K [0x0000000081a00000, 0x0000000100000000)
  region size 1024K, 22 young (22528K), 7 survivors (7168K)
 Metaspace       used 35264K, capacity 35748K, committed 35888K, reserved 1081344K
  class space    used 4408K, capacity 4617K, committed 4736K, reserved 1048576K
}
Event: 3.344 GC heap after
{Heap after GC invocations=5 (full 0):
 garbage-first heap   total 131072K, used 20227K [0x0000000081a00000, 0x0000000100000000)
  region size 1024K, 2 young (2048K), 2 survivors (2048K)
 Metaspace       used 35264K, capacity 35748K, committed 35888K, reserved 1081344K
  class space    used 4408K, capacity 4617K, committed 4736K, reserved 1048576K
}
Event: 5.408 GC heap before
{Heap before GC invocations=6 (full 0):
 garbage-first heap   total 131072K, used 78595K [0x0000000081a00000, 0x0000000100000000)
  region size 1024K, 57 young (58368K), 2 survivors (2048K)
 Metaspace       used 46961K, capacity 47603K, committed 47792K, reserved 1091584K
  class space    used 5565K, capacity 5804K, committed 5888K, reserved 1048576K
}

Deoptimization events (20 events):
Event: 5.176 Thread 0x00000276ff1b9800 DEOPT PACKING pc=0x000002768b5c7924 sp=0x000000a5db2fd0a0
Event: 5.176 Thread 0x00000276ff1b9800 DEOPT UNPACKING pc=0x0000027683a378af sp=0x000000a5db2fcf88 mode 2
Event: 5.176 Thread 0x00000276ff1b9800 Uncommon trap: trap_request=0xffffffc6 fr.pc=0x000002768b5c7924 relative=0x00000000000005a4
Event: 5.176 Thread 0x00000276ff1b9800 Uncommon trap: reason=bimorphic_or_optimized_type_check action=maybe_recompile pc=0x000002768b5c7924 method=org.jetbrains.kotlin.protobuf.CodedInputStream.tryRefillBuffer(I)Z @ 177 c2
Event: 5.176 Thread 0x00000276ff1b9800 DEOPT PACKING pc=0x000002768b5c7924 sp=0x000000a5db2fd1b0
Event: 5.176 Thread 0x00000276ff1b9800 DEOPT UNPACKING pc=0x0000027683a378af sp=0x000000a5db2fd098 mode 2
Event: 5.176 Thread 0x00000276ff1b9800 Uncommon trap: trap_request=0xffffffc6 fr.pc=0x000002768b5c7924 relative=0x00000000000005a4
Event: 5.176 Thread 0x00000276ff1b9800 Uncommon trap: reason=bimorphic_or_optimized_type_check action=maybe_recompile pc=0x000002768b5c7924 method=org.jetbrains.kotlin.protobuf.CodedInputStream.tryRefillBuffer(I)Z @ 177 c2
Event: 5.176 Thread 0x00000276ff1b9800 DEOPT PACKING pc=0x000002768b5c7924 sp=0x000000a5db2fd1b0
Event: 5.176 Thread 0x00000276ff1b9800 DEOPT UNPACKING pc=0x0000027683a378af sp=0x000000a5db2fd098 mode 2
Event: 5.180 Thread 0x00000276ff1b9800 Uncommon trap: trap_request=0xffffffc6 fr.pc=0x000002768b5c4f00 relative=0x00000000000002a0
Event: 5.180 Thread 0x00000276ff1b9800 Uncommon trap: reason=bimorphic_or_optimized_type_check action=maybe_recompile pc=0x000002768b5c4f00 method=org.jetbrains.kotlin.protobuf.CodedInputStream.tryRefillBuffer(I)Z @ 177 c2
Event: 5.180 Thread 0x00000276ff1b9800 DEOPT PACKING pc=0x000002768b5c4f00 sp=0x000000a5db2fd050
Event: 5.180 Thread 0x00000276ff1b9800 DEOPT UNPACKING pc=0x0000027683a378af sp=0x000000a5db2fcf88 mode 2
Event: 5.265 Thread 0x00000276ff1b9800 Uncommon trap: trap_request=0xffffff4d fr.pc=0x000002768b64c180 relative=0x00000000000000c0
Event: 5.265 Thread 0x00000276ff1b9800 Uncommon trap: reason=unstable_if action=reinterpret pc=0x000002768b64c180 method=java.text.StringCharacterIterator.current()C @ 19 c2
Event: 5.265 Thread 0x00000276ff1b9800 DEOPT PACKING pc=0x000002768b64c180 sp=0x000000a5db2fd310
Event: 5.265 Thread 0x00000276ff1b9800 DEOPT UNPACKING pc=0x0000027683a378af sp=0x000000a5db2fd2a8 mode 2
Event: 5.282 Thread 0x00000276ff1b9800 DEOPT PACKING pc=0x00000276843773f4 sp=0x000000a5db2fcd80
Event: 5.282 Thread 0x00000276ff1b9800 DEOPT UNPACKING pc=0x0000027683a376ce sp=0x000000a5db2fc320 mode 0

Classes redefined (0 events):
No events

Internal exceptions (20 events):
Event: 1.253 Thread 0x00000276ff1b9800 Exception <a 'java/lang/NoSuchMethodError'{0x0000000087aadba8}: 'int java.lang.invoke.DirectMethodHandle$Holder.invokeSpecial(java.lang.Object, java.lang.Object, java.lang.Object, java.lang.Object)'> (0x0000000087aadba8) thrown at [./src/hotspot/share/interpreter/linkResolver.cpp, line 773]
Event: 1.255 Thread 0x00000276ff1b9800 Exception <a 'java/lang/NoSuchMethodError'{0x0000000087abc988}: 'int java.lang.invoke.DelegatingMethodHandle$Holder.reinvoke_L(java.lang.Object, java.lang.Object, java.lang.Object, long, int)'> (0x0000000087abc988) thrown at [./src/hotspot/share/interpreter/linkResolver.cpp, line 773]
Event: 1.394 Thread 0x00000276ff1b9800 Exception <a 'java/lang/NoSuchMethodError'{0x00000000876feab0}: 'int java.lang.invoke.DirectMethodHandle$Holder.invokeSpecialIFC(java.lang.Object, java.lang.Object, int)'> (0x00000000876feab0) thrown at [./src/hotspot/share/interpreter/linkResolver.cpp, line 773]
Event: 1.639 Thread 0x00000276ff1b9800 Exception <a 'java/lang/NoSuchMethodError'{0x0000000089915c20}: 'java.lang.Object java.lang.invoke.DirectMethodHandle$Holder.invokeStaticInit(java.lang.Object, int)'> (0x0000000089915c20) thrown at [./src/hotspot/share/interpreter/linkResolver.cpp, line 773]
Event: 1.672 Thread 0x00000276ff1b9800 Exception <a 'java/lang/NoSuchMethodError'{0x00000000898d67e0}: 'long java.lang.invoke.DirectMethodHandle$Holder.invokeStatic(java.lang.Object)'> (0x00000000898d67e0) thrown at [./src/hotspot/share/interpreter/linkResolver.cpp, line 773]
Event: 1.672 Thread 0x00000276ff1b9800 Exception <a 'java/lang/NoSuchMethodError'{0x00000000898d9638}: 'long java.lang.invoke.DirectMethodHandle$Holder.invokeStaticInit(java.lang.Object)'> (0x00000000898d9638) thrown at [./src/hotspot/share/interpreter/linkResolver.cpp, line 773]
Event: 1.740 Thread 0x00000276ff1b9800 Exception <a 'java/lang/NoSuchMethodError'{0x0000000089484ae8}: 'int java.lang.invoke.DirectMethodHandle$Holder.invokeStaticInit(java.lang.Object, java.lang.Object, java.lang.Object)'> (0x0000000089484ae8) thrown at [./src/hotspot/share/interpreter/linkResolver.cpp, line 773]
Event: 1.745 Thread 0x00000276ff1b9800 Exception <a 'java/lang/NoSuchMethodError'{0x00000000894af718}: 'int java.lang.invoke.DirectMethodHandle$Holder.invokeStaticInit(java.lang.Object, java.lang.Object)'> (0x00000000894af718) thrown at [./src/hotspot/share/interpreter/linkResolver.cpp, line 773]
Event: 1.805 Thread 0x00000276ff1b9800 Exception <a 'java/lang/NoSuchMethodError'{0x00000000892be3b0}: 'void java.lang.invoke.DirectMethodHandle$Holder.invokeSpecial(java.lang.Object, java.lang.Object)'> (0x00000000892be3b0) thrown at [./src/hotspot/share/interpreter/linkResolver.cpp, line 773]
Event: 2.023 Thread 0x00000276ff1b9800 Exception <a 'java/lang/NoSuchMethodError'{0x0000000088ae7260}: 'java.lang.Object java.lang.invoke.DirectMethodHandle$Holder.invokeStatic(java.lang.Object, java.lang.Object, java.lang.Object, java.lang.Object, java.lang.Object, java.lang.Object, java.lang.Object, java.lang.Object, java.lang.Object, java.lang.Object, java.lang.Object, java.lang.Object, java.lang.Object, java.lang.Object, java.lang.Object)'> (0x0000000088ae7260) thrown at [./src/hotspot/share/interpreter/linkResolver.cpp, line 773]
Event: 2.025 Thread 0x00000276ff1b9800 Exception <a 'java/lang/NoSuchMethodError'{0x0000000088af5268}: 'java.lang.Object java.lang.invoke.DirectMethodHandle$Holder.invokeStatic(java.lang.Object, java.lang.Object, java.lang.Object, java.lang.Object, java.lang.Object, java.lang.Object, java.lang.Object, java.lang.Object, java.lang.Object, java.lang.Object, java.lang.Object, java.lang.Object, java.lang.Object, java.lang.Object, java.lang.Object, java.lang.Object)'> (0x0000000088af5268) thrown at [./src/hotspot/share/interpreter/linkResolver.cpp, l
Event: 2.030 Thread 0x00000276ff1b9800 Exception <a 'java/lang/NoSuchMethodError'{0x0000000088903650}: 'java.lang.Object java.lang.invoke.DirectMethodHandle$Holder.invokeSpecial(java.lang.Object, java.lang.Object, int, int, java.lang.Object, java.lang.Object, java.lang.Object)'> (0x0000000088903650) thrown at [./src/hotspot/share/interpreter/linkResolver.cpp, line 773]
Event: 2.031 Thread 0x00000276ff1b9800 Exception <a 'java/lang/NoSuchMethodError'{0x0000000088906e88}: 'java.lang.Object java.lang.invoke.DelegatingMethodHandle$Holder.reinvoke_L(java.lang.Object, int, int, java.lang.Object, java.lang.Object, java.lang.Object)'> (0x0000000088906e88) thrown at [./src/hotspot/share/interpreter/linkResolver.cpp, line 773]
Event: 2.032 Thread 0x00000276ff1b9800 Exception <a 'java/lang/NoSuchMethodError'{0x000000008890b210}: 'java.lang.Object java.lang.invoke.DirectMethodHandle$Holder.invokeStatic(java.lang.Object, java.lang.Object, java.lang.Object, java.lang.Object, int)'> (0x000000008890b210) thrown at [./src/hotspot/share/interpreter/linkResolver.cpp, line 773]
Event: 2.092 Thread 0x00000276ff1b9800 Exception <a 'java/lang/NoSuchMethodError'{0x000000008882e798}: 'void java.lang.invoke.DirectMethodHandle$Holder.invokeStatic(java.lang.Object, java.lang.Object, java.lang.Object, java.lang.Object)'> (0x000000008882e798) thrown at [./src/hotspot/share/interpreter/linkResolver.cpp, line 773]
Event: 2.175 Thread 0x00000276ff1b9800 Exception <a 'java/lang/NoSuchMethodError'{0x000000008840ae98}: 'void java.lang.invoke.DirectMethodHandle$Holder.invokeStaticInit(java.lang.Object, java.lang.Object)'> (0x000000008840ae98) thrown at [./src/hotspot/share/interpreter/linkResolver.cpp, line 773]
Event: 2.289 Thread 0x00000276ff1b9800 Exception <a 'java/lang/NoSuchMethodError'{0x00000000880f4738}: 'void java.lang.invoke.DirectMethodHandle$Holder.invokeVirtual(java.lang.Object, java.lang.Object)'> (0x00000000880f4738) thrown at [./src/hotspot/share/interpreter/linkResolver.cpp, line 773]
Event: 2.301 Thread 0x00000276ff1b9800 Exception <a 'java/lang/NoSuchMethodError'{0x0000000087f70d28}: 'int java.lang.invoke.DirectMethodHandle$Holder.invokeVirtual(java.lang.Object, java.lang.Object)'> (0x0000000087f70d28) thrown at [./src/hotspot/share/interpreter/linkResolver.cpp, line 773]
Event: 3.280 Thread 0x00000276ff1b9800 Exception <a 'java/lang/NoSuchMethodError'{0x0000000088c332c8}: 'java.lang.Object java.lang.invoke.DirectMethodHandle$Holder.invokeVirtual(java.lang.Object, java.lang.Object, java.lang.Object)'> (0x0000000088c332c8) thrown at [./src/hotspot/share/interpreter/linkResolver.cpp, line 773]
Event: 4.429 Thread 0x00000276ff1b9800 Exception <a 'java/lang/NoSuchMethodError'{0x0000000086fb63a8}: 'java.lang.Object java.lang.invoke.Invokers$Holder.linkToTargetMethod(java.lang.Object, int, java.lang.Object)'> (0x0000000086fb63a8) thrown at [./src/hotspot/share/interpreter/linkResolver.cpp, line 773]

Events (20 events):
Event: 5.306 loading class org/jetbrains/kotlin/resolve/ResolutionAnchorProviderKt done
Event: 5.308 loading class org/jetbrains/kotlin/serialization/deserialization/TypeDeserializer$simpleType$annotations$1
Event: 5.308 loading class org/jetbrains/kotlin/serialization/deserialization/TypeDeserializer$simpleType$annotations$1 done
Event: 5.313 loading class org/jetbrains/kotlin/resolve/DescriptorFactory
Event: 5.313 loading class org/jetbrains/kotlin/resolve/DescriptorFactory done
Event: 5.314 loading class org/jetbrains/kotlin/resolve/DescriptorFactory$DefaultClassConstructorDescriptor
Event: 5.314 loading class org/jetbrains/kotlin/resolve/DescriptorFactory$DefaultClassConstructorDescriptor done
Event: 5.314 loading class org/jetbrains/kotlin/descriptors/impl/ReceiverParameterDescriptorImpl
Event: 5.314 loading class org/jetbrains/kotlin/descriptors/impl/ReceiverParameterDescriptorImpl done
Event: 5.315 loading class org/jetbrains/kotlin/descriptors/impl/AbstractReceiverParameterDescriptor
Event: 5.315 loading class org/jetbrains/kotlin/descriptors/impl/AbstractReceiverParameterDescriptor done
Event: 5.316 loading class org/jetbrains/kotlin/resolve/scopes/receivers/ExtensionReceiver
Event: 5.316 loading class org/jetbrains/kotlin/resolve/scopes/receivers/ExtensionReceiver done
Event: 5.317 loading class org/jetbrains/kotlin/resolve/scopes/receivers/ImplicitReceiver
Event: 5.317 loading class org/jetbrains/kotlin/resolve/scopes/receivers/ImplicitReceiver done
Event: 5.325 loading class org/jetbrains/kotlin/resolve/scopes/receivers/AbstractReceiverValue
Event: 5.325 loading class org/jetbrains/kotlin/resolve/scopes/receivers/AbstractReceiverValue done
Event: 5.326 loading class org/jetbrains/kotlin/serialization/deserialization/ProtoContainer$Package
Event: 5.326 loading class org/jetbrains/kotlin/serialization/deserialization/ProtoContainer$Package done
Event: 5.408 Executing VM operation: G1CollectForAllocation


Dynamic libraries:
0x00007ff626a90000 - 0x00007ff626a9a000 	C:\Program Files\Android\Android Studio\jre\bin\java.exe
0x00007fff35d30000 - 0x00007fff35f25000 	C:\Windows\SYSTEM32\ntdll.dll
0x00007fff356a0000 - 0x00007fff3575e000 	C:\Windows\System32\KERNEL32.DLL
0x00007fff334e0000 - 0x00007fff337a8000 	C:\Windows\System32\KERNELBASE.dll
0x00007fff33a50000 - 0x00007fff33b50000 	C:\Windows\System32\ucrtbase.dll
0x00007fff2b700000 - 0x00007fff2b719000 	C:\Program Files\Android\Android Studio\jre\bin\jli.dll
0x00007fff35940000 - 0x00007fff35ae1000 	C:\Windows\System32\USER32.dll
0x00007fff1b9b0000 - 0x00007fff1bc4a000 	C:\Windows\WinSxS\amd64_microsoft.windows.common-controls_6595b64144ccf1df_6.0.19041.1110_none_60b5254171f9507e\COMCTL32.dll
0x00007fff34e10000 - 0x00007fff34eae000 	C:\Windows\System32\msvcrt.dll
0x00007fff34fd0000 - 0x00007fff34ffb000 	C:\Windows\System32\GDI32.dll
0x00007fff33b50000 - 0x00007fff33b72000 	C:\Windows\System32\win32u.dll
0x00007fff33910000 - 0x00007fff33a1b000 	C:\Windows\System32\gdi32full.dll
0x00007fff33b80000 - 0x00007fff33c1d000 	C:\Windows\System32\msvcp_win.dll
0x00007fff223f0000 - 0x00007fff22407000 	C:\Program Files\Android\Android Studio\jre\bin\VCRUNTIME140.dll
0x00007fff35190000 - 0x00007fff351c0000 	C:\Windows\System32\IMM32.DLL
0x00007ffefe850000 - 0x00007ffefe8ed000 	C:\Program Files\Android\Android Studio\jre\bin\msvcp140.dll
0x00007ffef5790000 - 0x00007ffef625f000 	C:\Program Files\Android\Android Studio\jre\bin\server\jvm.dll
0x00007fff344d0000 - 0x00007fff3457c000 	C:\Windows\System32\ADVAPI32.dll
0x00007fff34d70000 - 0x00007fff34e0b000 	C:\Windows\System32\sechost.dll
0x00007fff35b50000 - 0x00007fff35c7a000 	C:\Windows\System32\RPCRT4.dll
0x00007fff347b0000 - 0x00007fff347b8000 	C:\Windows\System32\PSAPI.DLL
0x00007fff13160000 - 0x00007fff13187000 	C:\Windows\SYSTEM32\WINMM.dll
0x00007fff207d0000 - 0x00007fff207d9000 	C:\Windows\SYSTEM32\WSOCK32.dll
0x00007fff35c80000 - 0x00007fff35ceb000 	C:\Windows\System32\WS2_32.dll
0x00007fff2d150000 - 0x00007fff2d15a000 	C:\Windows\SYSTEM32\VERSION.dll
0x00007fff31cd0000 - 0x00007fff31ce2000 	C:\Windows\SYSTEM32\kernel.appcore.dll
0x00007fff2c5f0000 - 0x00007fff2c601000 	C:\Program Files\Android\Android Studio\jre\bin\verify.dll
0x00007fff31240000 - 0x00007fff31424000 	C:\Windows\SYSTEM32\DBGHELP.DLL
0x00007fff1b4c0000 - 0x00007fff1b4ec000 	C:\Windows\SYSTEM32\dbgcore.DLL
0x00007fff33450000 - 0x00007fff334d3000 	C:\Windows\System32\bcryptPrimitives.dll
0x00007fff1fb60000 - 0x00007fff1fb89000 	C:\Program Files\Android\Android Studio\jre\bin\java.dll
0x00007fff2c5e0000 - 0x00007fff2c5eb000 	C:\Program Files\Android\Android Studio\jre\bin\jimage.dll
0x00007fff2b0b0000 - 0x00007fff2b0c8000 	C:\Program Files\Android\Android Studio\jre\bin\zip.dll
0x00007fff33d90000 - 0x00007fff344cf000 	C:\Windows\System32\SHELL32.dll
0x00007fff31430000 - 0x00007fff31bc0000 	C:\Windows\SYSTEM32\windows.storage.dll
0x00007fff347c0000 - 0x00007fff34b15000 	C:\Windows\System32\combase.dll
0x00007fff32dd0000 - 0x00007fff32dfe000 	C:\Windows\SYSTEM32\Wldp.dll
0x00007fff35890000 - 0x00007fff3593d000 	C:\Windows\System32\SHCORE.dll
0x00007fff35af0000 - 0x00007fff35b45000 	C:\Windows\System32\shlwapi.dll
0x00007fff33390000 - 0x00007fff333af000 	C:\Windows\SYSTEM32\profapi.dll
0x00007fff227d0000 - 0x00007fff227ea000 	C:\Program Files\Android\Android Studio\jre\bin\net.dll
0x00007fff21510000 - 0x00007fff2161c000 	C:\Windows\SYSTEM32\WINHTTP.dll
0x00007fff32b30000 - 0x00007fff32b9a000 	C:\Windows\system32\mswsock.dll
0x00007fff21da0000 - 0x00007fff21db4000 	C:\Program Files\Android\Android Studio\jre\bin\nio.dll

dbghelp: loaded successfully - version: 4.0.5 - missing functions: none
symbol engine: initialized successfully - sym options: 0x614 - pdb path: .;C:\Program Files\Android\Android Studio\jre\bin;C:\Windows\SYSTEM32;C:\Windows\WinSxS\amd64_microsoft.windows.common-controls_6595b64144ccf1df_6.0.19041.1110_none_60b5254171f9507e;C:\Program Files\Android\Android Studio\jre\bin\server

VM Arguments:
java_command: org.jetbrains.kotlin.cli.jvm.K2JVMCompiler @C:\Users\usuario\AndroidStudioProjects\CardView\app\build\20211130_7707973433088624088.compiler.options
java_class_path (initial): C:\Users\usuario\.gradle\caches\modules-2\files-2.1\org.jetbrains.kotlin\kotlin-compiler-embeddable\1.6.0\aa8da3bedc53c89219b84a0b40c7419431a13e76\kotlin-compiler-embeddable-1.6.0.jar;C:\Users\usuario\.gradle\caches\modules-2\files-2.1\org.jetbrains.kotlin\kotlin-reflect\1.6.0\a215a7f914d5916dc5fd2d45cea16524e0220203\kotlin-reflect-1.6.0.jar;C:\Users\usuario\.gradle\caches\modules-2\files-2.1\org.jetbrains.kotlin\kotlin-stdlib\1.6.0\a40b8b22529b733892edf4b73468ce598bb17f04\kotlin-stdlib-1.6.0.jar;C:\Users\usuario\.gradle\caches\modules-2\files-2.1\org.jetbrains.kotlin\kotlin-script-runtime\1.6.0\55f72526ddcff6fc77d72cdf949c7e3d9bd95620\kotlin-script-runtime-1.6.0.jar;C:\Users\usuario\.gradle\caches\modules-2\files-2.1\org.jetbrains.kotlin\kotlin-daemon-embeddable\1.6.0\d6242b37f4ce6b637d10847c7558446272ec8432\kotlin-daemon-embeddable-1.6.0.jar;C:\Users\usuario\.gradle\caches\modules-2\files-2.1\org.jetbrains.intellij.deps\trove4j\1.0.20181211\216c2e14b070f334479d800987affe4054cd563f\trove4j-1.0.20181211.jar;C:\Users\usuario\.gradle\caches\modules-2\files-2.1\net.java.dev.jna\jna\5.6.0\330f2244e9030119ab3030fc3fededc86713d9cc\jna-5.6.0.jar;C:\Users\usuario\.gradle\caches\modules-2\files-2.1\org.jetbrains\annotations\13.0\919f0dfe192fb4e063e7dacadee7f8bb9a2672a9\annotations-13.0.jar;C:\Users\usuario\.gradle\caches\modules-2\files-2.1\org.jetbrains.kotlin\kotlin-stdlib-common\1.6.0\7857e365f925cfa060f941c1357cda1f8790502c\kotlin-stdlib-common-1.6.0.jar
Launcher Type: SUN_STANDARD

[Global flags]
     intx CICompilerCount                          = 3                                         {product} {ergonomic}
     uint ConcGCThreads                            = 1                                         {product} {ergonomic}
     uint G1ConcRefinementThreads                  = 4                                         {product} {ergonomic}
   size_t G1HeapRegionSize                         = 1048576                                   {product} {ergonomic}
    uintx GCDrainStackTargetSize                   = 64                                        {product} {ergonomic}
   size_t InitialHeapSize                          = 134217728                                 {product} {ergonomic}
   size_t MarkStackSize                            = 4194304                                   {product} {ergonomic}
   size_t MaxHeapSize                              = 2120220672                                {product} {ergonomic}
   size_t MaxNewSize                               = 1271922688                                {product} {ergonomic}
   size_t MinHeapDeltaBytes                        = 1048576                                   {product} {ergonomic}
    uintx NonNMethodCodeHeapSize                   = 5830732                                {pd product} {ergonomic}
    uintx NonProfiledCodeHeapSize                  = 122913754                              {pd product} {ergonomic}
    uintx ProfiledCodeHeapSize                     = 122913754                              {pd product} {ergonomic}
    uintx ReservedCodeCacheSize                    = 251658240                              {pd product} {ergonomic}
     bool SegmentedCodeCache                       = true                                      {product} {ergonomic}
     bool UseCompressedClassPointers               = true                                 {lp64_product} {ergonomic}
     bool UseCompressedOops                        = true                                 {lp64_product} {ergonomic}
     bool UseG1GC                                  = true                                      {product} {ergonomic}
     bool UseLargePagesIndividualAllocation        = false                                  {pd product} {ergonomic}

Logging:
Log output configuration:
 #0: stdout all=warning uptime,level,tags
 #1: stderr all=off uptime,level,tags

Environment Variables:
JAVA_HOME=C:\Program Files\Zulu\zulu-8\
PATH=C:\Program Files\Zulu\zulu-8\bin\;C:\Windows\system32;C:\Windows;C:\Windows\System32\Wbem;C:\Windows\System32\WindowsPowerShell\v1.0\;C:\Windows\System32\OpenSSH\;C:\Program Files (x86)\Intel\Intel(R) Management Engine Components\DAL;C:\Program Files\Intel\Intel(R) Management Engine Components\DAL;C:\ProgramData\UNIVALI\Portugol Studio;C:\Program Files\Git\cmd;C:\Program Files\Microsoft SQL Server\150\Tools\Binn\;C:\Program Files\Microsoft SQL Server\Client SDK\ODBC\170\Tools\Binn\;C:\Program Files\dotnet\;C:\Users\usuario\AppData\Local\Microsoft\WindowsApps;C:\Users\usuario\.dotnet\tools;C:\Users\usuario\AppData\Local\Programs\Microsoft VS Code\bin
USERNAME=usuario
OS=Windows_NT
PROCESSOR_IDENTIFIER=Intel64 Family 6 Model 78 Stepping 3, GenuineIntel



---------------  S Y S T E M  ---------------

OS: Windows 10 , 64 bit Build 19041 (10.0.19041.1348)
OS uptime: 4 days 16:53 hours

CPU:total 4 (initial active 4) (2 cores per cpu, 2 threads per core) family 6 model 78 stepping 3 microcode 0xcc, cmov, cx8, fxsr, mmx, sse, sse2, sse3, ssse3, sse4.1, sse4.2, popcnt, avx, avx2, aes, clmul, erms, 3dnowpref, lzcnt, ht, tsc, tscinvbit, bmi1, bmi2, adx, fma

Memory: 4k page, system-wide physical 8083M (500M free)
TotalPageFile size 12179M (AvailPageFile size 29M)
current process WorkingSet (physical memory assigned to process): 210M, peak: 224M
current process commit charge ("private bytes"): 283M, peak: 308M

vm_info: OpenJDK 64-Bit Server VM (11.0.10+0-b96-7249189) for windows-amd64 JRE (11.0.10+0-b96-7249189), built on Mar 31 2021 21:44:00 by "builder" with MS VC++ 14.0 (VS2015)

END.
