#
# There is insufficient memory for the Java Runtime Environment to continue.
# Native memory allocation (mmap) failed to map 74448896 bytes for Failed to commit area from 0x0000000098200000 to 0x000000009c900000 of length 74448896.
# Possible reasons:
#   The system is out of physical RAM or swap space
#   The process is running with CompressedOops enabled, and the Java Heap may be blocking the growth of the native heap
# Possible solutions:
#   Reduce memory load on the system
#   Increase physical memory or swap space
#   Check if swap backing store is full
#   Decrease Java heap size (-Xmx/-Xms)
#   Decrease number of Java threads
#   Decrease Java thread stack sizes (-Xss)
#   Set larger code cache with -XX:ReservedCodeCacheSize=
#   JVM is running with Unscaled Compressed Oops mode in which the Java heap is
#     placed in the first 4GB address space. The Java Heap base address is the
#     maximum limit for the native heap growth. Please use -XX:HeapBaseMinAddress
#     to set the Java Heap base and to place the Java Heap above 4GB virtual address.
# This output file may be truncated or incomplete.
#
#  Out of Memory Error (./src/hotspot/os/windows/os_windows.cpp:3301), pid=11980, tid=108
#
# JRE version: OpenJDK Runtime Environment (11.0.10) (build 11.0.10+0-b96-7249189)
# Java VM: OpenJDK 64-Bit Server VM (11.0.10+0-b96-7249189, mixed mode, tiered, compressed oops, g1 gc, windows-amd64)
# No core dump will be written. Minidumps are not enabled by default on client versions of Windows
#

---------------  S U M M A R Y ------------

Command Line: --add-opens=java.base/java.util=ALL-UNNAMED --add-opens=java.base/java.lang=ALL-UNNAMED --add-opens=java.base/java.lang.invoke=ALL-UNNAMED --add-opens=java.base/java.util=ALL-UNNAMED --add-opens=java.prefs/java.util.prefs=ALL-UNNAMED --add-opens=java.prefs/java.util.prefs=ALL-UNNAMED --add-opens=java.base/java.nio.charset=ALL-UNNAMED --add-opens=java.base/java.net=ALL-UNNAMED --add-opens=java.base/java.util.concurrent.atomic=ALL-UNNAMED -Xmx2048m -Dfile.encoding=UTF-8 -Duser.country=BR -Duser.language=pt -Duser.variant org.gradle.launcher.daemon.bootstrap.GradleDaemon 7.0.2

Host: Intel(R) Core(TM) i5-6200U CPU @ 2.30GHz, 4 cores, 7G,  Windows 10 , 64 bit Build 19041 (10.0.19041.1348)
Time: Tue Nov 30 10:03:52 2021 Hora oficial do Brasil elapsed time: 2232.438978 seconds (0d 0h 37m 12s)

---------------  T H R E A D  ---------------

Current thread (0x00000163d917a000):  VMThread "VM Thread" [stack: 0x0000005ae2b00000,0x0000005ae2c00000] [id=108]

Stack: [0x0000005ae2b00000,0x0000005ae2c00000]
[error occurred during error reporting (printing stack bounds), id 0xc0000005, EXCEPTION_ACCESS_VIOLATION (0xc0000005) at pc=0x00000163c2950f2d]

Native frames: (J=compiled Java code, j=interpreted, Vv=VM code, C=native code)
V  [jvm.dll+0x5ecfaa]
V  [jvm.dll+0x722bd5]
V  [jvm.dll+0x72412d]
V  [jvm.dll+0x724745]
V  [jvm.dll+0x7246fb]
V  [jvm.dll+0x5ec348]
V  [jvm.dll+0x5ecad8]
C  [ntdll.dll+0xa20cf]
C  [ntdll.dll+0x51454]
C  [ntdll.dll+0xa0bfe]
C  0x00000163c2950f2d

VM_Operation (0x0000005ae53f8de0): G1CollectForAllocation, mode: safepoint, requested by thread 0x00000163db333000


---------------  P R O C E S S  ---------------

Threads class SMR info:
_java_thread_list=0x00000163ded7aea0, length=53, elements={
0x00000163bee5c000, 0x00000163d9180800, 0x00000163d9189800, 0x00000163d9b22800,
0x00000163d9199800, 0x00000163d919b000, 0x00000163d919e800, 0x00000163d91ac000,
0x00000163d91b9800, 0x00000163d9c6b000, 0x00000163d9c69800, 0x00000163d9c6d800,
0x00000163d9c6c000, 0x00000163db32d800, 0x00000163db32e000, 0x00000163db334000,
0x00000163db32f000, 0x00000163db330800, 0x00000163db331800, 0x00000163dc684800,
0x00000163dc67f800, 0x00000163dc681800, 0x00000163dc685800, 0x00000163dc680800,
0x00000163dc687000, 0x00000163dc686800, 0x00000163dc688000, 0x00000163dc682000,
0x00000163dc688800, 0x00000163dc68a800, 0x00000163dc68b000, 0x00000163dc68c000,
0x00000163dc68d000, 0x00000163d9c6c800, 0x00000163d9c6e800, 0x00000163d9c68800,
0x00000163d9c6f000, 0x00000163d9c6a800, 0x00000163db32f800, 0x00000163db333000,
0x00000163db332000, 0x00000163dbef1800, 0x00000163dbef2000, 0x00000163dbef0800,
0x00000163dbef3800, 0x00000163dbef7000, 0x00000163dbef6000, 0x00000163dbef4800,
0x00000163e063b800, 0x00000163dbef5800, 0x00000163dbef3000, 0x00000163dd971000,
0x00000163dd972000
}

Java Threads: ( => current thread )
  0x00000163bee5c000 JavaThread "main" [_thread_blocked, id=6328, stack(0x0000005ae2500000,0x0000005ae2600000)]
  0x00000163d9180800 JavaThread "Reference Handler" daemon [_thread_blocked, id=8764, stack(0x0000005ae2c00000,0x0000005ae2d00000)]
  0x00000163d9189800 JavaThread "Finalizer" daemon [_thread_blocked, id=13888, stack(0x0000005ae2d00000,0x0000005ae2e00000)]
  0x00000163d9b22800 JavaThread "Signal Dispatcher" daemon [_thread_blocked, id=7372, stack(0x0000005ae2e00000,0x0000005ae2f00000)]
  0x00000163d9199800 JavaThread "Attach Listener" daemon [_thread_blocked, id=7852, stack(0x0000005ae2f00000,0x0000005ae3000000)]
  0x00000163d919b000 JavaThread "Service Thread" daemon [_thread_blocked, id=6172, stack(0x0000005ae3000000,0x0000005ae3100000)]
  0x00000163d919e800 JavaThread "C2 CompilerThread0" daemon [_thread_blocked, id=2680, stack(0x0000005ae3100000,0x0000005ae3200000)]
  0x00000163d91ac000 JavaThread "C1 CompilerThread0" daemon [_thread_blocked, id=11024, stack(0x0000005ae3200000,0x0000005ae3300000)]
  0x00000163d91b9800 JavaThread "Sweeper thread" daemon [_thread_blocked, id=4320, stack(0x0000005ae3300000,0x0000005ae3400000)]
  0x00000163d9c6b000 JavaThread "Common-Cleaner" daemon [_thread_blocked, id=2268, stack(0x0000005ae3400000,0x0000005ae3500000)]
  0x00000163d9c69800 JavaThread "Daemon health stats" [_thread_blocked, id=13140, stack(0x0000005ae3900000,0x0000005ae3a00000)]
  0x00000163d9c6d800 JavaThread "Incoming local TCP Connector on port 57944" [_thread_in_native, id=15076, stack(0x0000005ae3600000,0x0000005ae3700000)]
  0x00000163d9c6c000 JavaThread "Daemon periodic checks" [_thread_blocked, id=5480, stack(0x0000005ae3a00000,0x0000005ae3b00000)]
  0x00000163db32d800 JavaThread "Cache worker for file hash cache (C:\Users\usuario\.gradle\caches\7.0.2\fileHashes)" [_thread_blocked, id=9996, stack(0x0000005ae4300000,0x0000005ae4400000)]
  0x00000163db32e000 JavaThread "File lock request listener" [_thread_in_native, id=1188, stack(0x0000005ae4400000,0x0000005ae4500000)]
  0x00000163db334000 JavaThread "Cache worker for journal cache (C:\Users\usuario\.gradle\caches\journal-1)" [_thread_blocked, id=13960, stack(0x0000005ae4500000,0x0000005ae4600000)]
  0x00000163db32f000 JavaThread "File watcher server" daemon [_thread_blocked, id=13076, stack(0x0000005ae4800000,0x0000005ae4900000)]
  0x00000163db330800 JavaThread "File watcher consumer" daemon [_thread_blocked, id=640, stack(0x0000005ae4900000,0x0000005ae4a00000)]
  0x00000163db331800 JavaThread "jar transforms" [_thread_blocked, id=9556, stack(0x0000005ae4a00000,0x0000005ae4b00000)]
  0x00000163dc684800 JavaThread "jar transforms Thread 2" [_thread_blocked, id=4180, stack(0x0000005ae4b00000,0x0000005ae4c00000)]
  0x00000163dc67f800 JavaThread "jar transforms Thread 3" [_thread_blocked, id=14860, stack(0x0000005ae4c00000,0x0000005ae4d00000)]
  0x00000163dc681800 JavaThread "jar transforms Thread 4" [_thread_blocked, id=8248, stack(0x0000005ae4d00000,0x0000005ae4e00000)]
  0x00000163dc685800 JavaThread "Cache worker for execution history cache (C:\Users\usuario\.gradle\caches\7.0.2\executionHistory)" [_thread_blocked, id=652, stack(0x0000005ae5100000,0x0000005ae5200000)]
  0x00000163dc680800 JavaThread "Cache worker for file content cache (C:\Users\usuario\.gradle\caches\7.0.2\fileContent)" [_thread_blocked, id=8036, stack(0x0000005ae5200000,0x0000005ae5300000)]
  0x00000163dc687000 JavaThread "Memory manager" [_thread_blocked, id=3120, stack(0x0000005ae5900000,0x0000005ae5a00000)]
  0x00000163dc686800 JavaThread "Daemon Thread 2" [_thread_blocked, id=14952, stack(0x0000005ae2200000,0x0000005ae2300000)]
  0x00000163dc688000 JavaThread "Handler for socket connection from /127.0.0.1:57944 to /127.0.0.1:59376" [_thread_in_native, id=400, stack(0x0000005ae2300000,0x0000005ae2400000)]
  0x00000163dc682000 JavaThread "Cancel handler" [_thread_blocked, id=12152, stack(0x0000005ae2400000,0x0000005ae2500000)]
  0x00000163dc688800 JavaThread "Daemon worker Thread 2" [_thread_blocked, id=10448, stack(0x0000005ae3b00000,0x0000005ae3c00000)]
  0x00000163dc68a800 JavaThread "Asynchronous log dispatcher for DefaultDaemonConnection: socket connection from /127.0.0.1:57944 to /127.0.0.1:59376" [_thread_blocked, id=13052, stack(0x0000005ae3c00000,0x0000005ae3d00000)]
  0x00000163dc68b000 JavaThread "Stdin handler" [_thread_blocked, id=14480, stack(0x0000005ae3e00000,0x0000005ae3f00000)]
  0x00000163dc68c000 JavaThread "Daemon client event forwarder" [_thread_blocked, id=1112, stack(0x0000005ae3f00000,0x0000005ae4000000)]
  0x00000163dc68d000 JavaThread "Cache worker for file hash cache (C:\Users\usuario\AndroidStudioProjects\CardView\.gradle\7.0.2\fileHashes)" [_thread_blocked, id=6496, stack(0x0000005ae4000000,0x0000005ae4100000)]
  0x00000163d9c6c800 JavaThread "Cache worker for checksums cache (C:\Users\usuario\AndroidStudioProjects\CardView\.gradle\checksums)" [_thread_blocked, id=12872, stack(0x0000005ae4200000,0x0000005ae4300000)]
  0x00000163d9c6e800 JavaThread "Cache worker for cache directory md-supplier (C:\Users\usuario\.gradle\caches\7.0.2\md-supplier)" [_thread_blocked, id=13292, stack(0x0000005ae4600000,0x0000005ae4700000)]
  0x00000163d9c68800 JavaThread "Cache worker for cache directory md-rule (C:\Users\usuario\.gradle\caches\7.0.2\md-rule)" [_thread_blocked, id=2272, stack(0x0000005ae4700000,0x0000005ae4800000)]
  0x00000163d9c6f000 JavaThread "Cache worker for dependencies-accessors (C:\Users\usuario\AndroidStudioProjects\CardView\.gradle\7.0.2\dependencies-accessors)" [_thread_blocked, id=12240, stack(0x0000005ae4e00000,0x0000005ae4f00000)]
  0x00000163d9c6a800 JavaThread "Cache worker for Build Output Cleanup Cache (C:\Users\usuario\AndroidStudioProjects\CardView\.gradle\buildOutputCleanup)" [_thread_blocked, id=1164, stack(0x0000005ae4f00000,0x0000005ae5000000)]
  0x00000163db32f800 JavaThread "Build operations" [_thread_blocked, id=14316, stack(0x0000005ae5000000,0x0000005ae5100000)]
  0x00000163db333000 JavaThread "Build operations Thread 2" [_thread_blocked, id=6404, stack(0x0000005ae5300000,0x0000005ae5400000)]
  0x00000163db332000 JavaThread "Build operations Thread 3" [_thread_blocked, id=14424, stack(0x0000005ae5400000,0x0000005ae5500000)]
  0x00000163dbef1800 JavaThread "Build operations Thread 4" [_thread_blocked, id=9108, stack(0x0000005ae5500000,0x0000005ae5600000)]
  0x00000163dbef2000 JavaThread "build event listener" [_thread_blocked, id=7668, stack(0x0000005ae5600000,0x0000005ae5700000)]
  0x00000163dbef0800 JavaThread "build event listener" [_thread_blocked, id=7680, stack(0x0000005ae5700000,0x0000005ae5800000)]
  0x00000163dbef3800 JavaThread "Execution worker for ':'" [_thread_blocked, id=15300, stack(0x0000005ae5800000,0x0000005ae5900000)]
  0x00000163dbef7000 JavaThread "Execution worker for ':' Thread 2" [_thread_blocked, id=14288, stack(0x0000005ae5a00000,0x0000005ae5b00000)]
  0x00000163dbef6000 JavaThread "Execution worker for ':' Thread 3" [_thread_blocked, id=14588, stack(0x0000005ae5b00000,0x0000005ae5c00000)]
  0x00000163dbef4800 JavaThread "Cache worker for execution history cache (C:\Users\usuario\AndroidStudioProjects\CardView\.gradle\7.0.2\executionHistory)" [_thread_blocked, id=14436, stack(0x0000005ae5c00000,0x0000005ae5d00000)]
  0x00000163e063b800 JavaThread "C2 CompilerThread1" daemon [_thread_in_native, id=12824, stack(0x0000005ae4100000,0x0000005ae4200000)]
  0x00000163dbef5800 JavaThread "WorkerExecutor Queue" [_thread_blocked, id=10712, stack(0x0000005ae5d00000,0x0000005ae5e00000)]
  0x00000163dbef3000 JavaThread "WorkerExecutor Queue Thread 2" [_thread_blocked, id=5040, stack(0x0000005ae5e00000,0x0000005ae5f00000)]
  0x00000163dd971000 JavaThread "WorkerExecutor Queue Thread 3" [_thread_blocked, id=9816, stack(0x0000005ae5f00000,0x0000005ae6000000)]
  0x00000163dd972000 JavaThread "WorkerExecutor Queue Thread 4" [_thread_blocked, id=13560, stack(0x0000005ae6000000,0x0000005ae6100000)]

Other Threads:
=>0x00000163d917a000 VMThread "VM Thread" [stack: 0x0000005ae2b00000,0x0000005ae2c00000] [id=108]
  0x00000163d9c64800 WatcherThread [stack: 0x0000005ae3500000,0x0000005ae3600000] [id=14720]
  0x00000163bee75800 GCTaskThread "GC Thread#0" [stack: 0x0000005ae2600000,0x0000005ae2700000] [id=2920]
  0x00000163da6e8800 GCTaskThread "GC Thread#1" [stack: 0x0000005ae3700000,0x0000005ae3800000] [id=2280]
  0x00000163da090800 GCTaskThread "GC Thread#2" [stack: 0x0000005ae3800000,0x0000005ae3900000] [id=3480]
  0x00000163daf31800 GCTaskThread "GC Thread#3" [stack: 0x0000005ae3d00000,0x0000005ae3e00000] [id=13608]
  0x00000163beea6800 ConcurrentGCThread "G1 Main Marker" [stack: 0x0000005ae2700000,0x0000005ae2800000] [id=15072]
  0x00000163beea9000 ConcurrentGCThread "G1 Conc#0" [stack: 0x0000005ae2800000,0x0000005ae2900000] [id=8876]
  0x00000163bef3b800 ConcurrentGCThread "G1 Refine#0" [stack: 0x0000005ae2900000,0x0000005ae2a00000] [id=1060]
  0x00000163bef3c800 ConcurrentGCThread "G1 Young RemSet Sampling" [stack: 0x0000005ae2a00000,0x0000005ae2b00000] [id=5996]

Threads with active compile tasks:
C2 CompilerThread02232479 24271 %     4       com.android.tools.r8.ir.regalloc.a::a @ 1405 (3985 bytes)
C2 CompilerThread12232479 22633       4       com.android.tools.r8.internal.Sr::a (282 bytes)

VM state:at safepoint (normal execution)

VM Mutex/Monitor currently owned by a thread:  ([mutex/lock_event])
[0x00000163bee59840] Threads_lock - owner thread: 0x00000163d917a000
[0x00000163bee592a0] Heap_lock - owner thread: 0x00000163db333000

Heap address: 0x0000000080000000, size: 2048 MB, Compressed Oops mode: 32-bit
Narrow klass base: 0x0000000000000000, Narrow klass shift: 3
Compressed class space size: 1073741824 Address: 0x0000000100000000

Heap:
 garbage-first heap   total 467968K, used 213606K [0x0000000080000000, 0x0000000100000000)
  region size 1024K, 11 young (11264K), 11 survivors (11264K)
 Metaspace       used 141552K, capacity 144831K, committed 145152K, reserved 1175552K
  class space    used 17591K, capacity 18858K, committed 18944K, reserved 1048576K
Heap Regions: E=young(eden), S=young(survivor), O=old, HS=humongous(starts), HC=humongous(continues), CS=collection set, F=free, A=archive, TAMS=top-at-mark-start (previous, next)
|   0|0x0000000080000000, 0x0000000080100000, 0x0000000080100000|100%| O|  |TAMS 0x0000000080100000, 0x0000000080000000| Untracked 
|   1|0x0000000080100000, 0x0000000080200000, 0x0000000080200000|100%| O|  |TAMS 0x0000000080200000, 0x0000000080100000| Untracked 
|   2|0x0000000080200000, 0x0000000080300000, 0x0000000080300000|100%| O|  |TAMS 0x0000000080300000, 0x0000000080200000| Untracked 
|   3|0x0000000080300000, 0x0000000080400000, 0x0000000080400000|100%|HS|  |TAMS 0x0000000080400000, 0x0000000080300000| Complete 
|   4|0x0000000080400000, 0x0000000080500000, 0x0000000080500000|100%|HC|  |TAMS 0x0000000080500000, 0x0000000080400000| Complete 
|   5|0x0000000080500000, 0x0000000080600000, 0x0000000080600000|100%|HC|  |TAMS 0x0000000080600000, 0x0000000080500000| Complete 
|   6|0x0000000080600000, 0x0000000080700000, 0x0000000080700000|100%| O|  |TAMS 0x0000000080700000, 0x0000000080600000| Untracked 
|   7|0x0000000080700000, 0x0000000080800000, 0x0000000080800000|100%| O|  |TAMS 0x0000000080800000, 0x0000000080700000| Untracked 
|   8|0x0000000080800000, 0x0000000080900000, 0x0000000080900000|100%| O|  |TAMS 0x0000000080900000, 0x0000000080800000| Untracked 
|   9|0x0000000080900000, 0x0000000080a00000, 0x0000000080a00000|100%| O|  |TAMS 0x0000000080a00000, 0x0000000080900000| Untracked 
|  10|0x0000000080a00000, 0x0000000080b00000, 0x0000000080b00000|100%| O|  |TAMS 0x0000000080b00000, 0x0000000080a00000| Untracked 
|  11|0x0000000080b00000, 0x0000000080c00000, 0x0000000080c00000|100%| O|  |TAMS 0x0000000080c00000, 0x0000000080b00000| Untracked 
|  12|0x0000000080c00000, 0x0000000080d00000, 0x0000000080d00000|100%| O|  |TAMS 0x0000000080d00000, 0x0000000080c00000| Untracked 
|  13|0x0000000080d00000, 0x0000000080e00000, 0x0000000080e00000|100%| O|  |TAMS 0x0000000080e00000, 0x0000000080d00000| Untracked 
|  14|0x0000000080e00000, 0x0000000080f00000, 0x0000000080f00000|100%| O|  |TAMS 0x0000000080f00000, 0x0000000080e00000| Untracked 
|  15|0x0000000080f00000, 0x0000000081000000, 0x0000000081000000|100%| O|  |TAMS 0x0000000081000000, 0x0000000080f00000| Untracked 
|  16|0x0000000081000000, 0x0000000081100000, 0x0000000081100000|100%| O|  |TAMS 0x0000000081100000, 0x0000000081000000| Untracked 
|  17|0x0000000081100000, 0x0000000081200000, 0x0000000081200000|100%|HS|  |TAMS 0x0000000081200000, 0x0000000081100000| Complete 
|  18|0x0000000081200000, 0x0000000081300000, 0x0000000081300000|100%|HC|  |TAMS 0x0000000081300000, 0x0000000081200000| Complete 
|  19|0x0000000081300000, 0x0000000081400000, 0x0000000081400000|100%|HS|  |TAMS 0x0000000081400000, 0x0000000081300000| Complete 
|  20|0x0000000081400000, 0x0000000081500000, 0x0000000081500000|100%|HC|  |TAMS 0x0000000081500000, 0x0000000081400000| Complete 
|  21|0x0000000081500000, 0x0000000081600000, 0x0000000081600000|100%|HC|  |TAMS 0x0000000081600000, 0x0000000081500000| Complete 
|  22|0x0000000081600000, 0x0000000081700000, 0x0000000081700000|100%|HS|  |TAMS 0x0000000081700000, 0x0000000081600000| Complete 
|  23|0x0000000081700000, 0x0000000081800000, 0x0000000081800000|100%|HC|  |TAMS 0x0000000081800000, 0x0000000081700000| Complete 
|  24|0x0000000081800000, 0x0000000081900000, 0x0000000081900000|100%|HC|  |TAMS 0x0000000081900000, 0x0000000081800000| Complete 
|  25|0x0000000081900000, 0x0000000081a00000, 0x0000000081a00000|100%|HC|  |TAMS 0x0000000081a00000, 0x0000000081900000| Complete 
|  26|0x0000000081a00000, 0x0000000081b00000, 0x0000000081b00000|100%|HC|  |TAMS 0x0000000081b00000, 0x0000000081a00000| Complete 
|  27|0x0000000081b00000, 0x0000000081c00000, 0x0000000081c00000|100%| O|  |TAMS 0x0000000081c00000, 0x0000000081b00000| Untracked 
|  28|0x0000000081c00000, 0x0000000081d00000, 0x0000000081d00000|100%| O|  |TAMS 0x0000000081d00000, 0x0000000081c00000| Untracked 
|  29|0x0000000081d00000, 0x0000000081e00000, 0x0000000081e00000|100%| O|  |TAMS 0x0000000081e00000, 0x0000000081d00000| Untracked 
|  30|0x0000000081e00000, 0x0000000081f00000, 0x0000000081f00000|100%| O|  |TAMS 0x0000000081f00000, 0x0000000081e00000| Untracked 
|  31|0x0000000081f00000, 0x0000000082000000, 0x0000000082000000|100%| O|  |TAMS 0x0000000082000000, 0x0000000081f00000| Untracked 
|  32|0x0000000082000000, 0x0000000082100000, 0x0000000082100000|100%| O|  |TAMS 0x0000000082100000, 0x0000000082000000| Untracked 
|  33|0x0000000082100000, 0x0000000082200000, 0x0000000082200000|100%|HS|  |TAMS 0x0000000082200000, 0x0000000082100000| Complete 
|  34|0x0000000082200000, 0x0000000082300000, 0x0000000082300000|100%|HC|  |TAMS 0x0000000082300000, 0x0000000082200000| Complete 
|  35|0x0000000082300000, 0x0000000082400000, 0x0000000082400000|100%|HC|  |TAMS 0x0000000082400000, 0x0000000082300000| Complete 
|  36|0x0000000082400000, 0x0000000082500000, 0x0000000082500000|100%|HC|  |TAMS 0x0000000082500000, 0x0000000082400000| Complete 
|  37|0x0000000082500000, 0x0000000082600000, 0x0000000082600000|100%|HC|  |TAMS 0x0000000082600000, 0x0000000082500000| Complete 
|  38|0x0000000082600000, 0x0000000082700000, 0x0000000082700000|100%|HS|  |TAMS 0x0000000082700000, 0x0000000082600000| Complete 
|  39|0x0000000082700000, 0x0000000082800000, 0x0000000082800000|100%|HC|  |TAMS 0x0000000082800000, 0x0000000082700000| Complete 
|  40|0x0000000082800000, 0x0000000082900000, 0x0000000082900000|100%|HC|  |TAMS 0x0000000082900000, 0x0000000082800000| Complete 
|  41|0x0000000082900000, 0x0000000082a00000, 0x0000000082a00000|100%| O|  |TAMS 0x0000000082a00000, 0x0000000082900000| Untracked 
|  42|0x0000000082a00000, 0x0000000082b00000, 0x0000000082b00000|100%| O|  |TAMS 0x0000000082b00000, 0x0000000082a00000| Untracked 
|  43|0x0000000082b00000, 0x0000000082c00000, 0x0000000082c00000|100%| O|  |TAMS 0x0000000082c00000, 0x0000000082b00000| Untracked 
|  44|0x0000000082c00000, 0x0000000082d00000, 0x0000000082d00000|100%| O|  |TAMS 0x0000000082d00000, 0x0000000082c00000| Untracked 
|  45|0x0000000082d00000, 0x0000000082e00000, 0x0000000082e00000|100%| O|  |TAMS 0x0000000082d00000, 0x0000000082d00000| Untracked 
|  46|0x0000000082e00000, 0x0000000082f00000, 0x0000000082f00000|100%| O|  |TAMS 0x0000000082f00000, 0x0000000082e00000| Untracked 
|  47|0x0000000082f00000, 0x0000000083000000, 0x0000000083000000|100%| O|  |TAMS 0x0000000083000000, 0x0000000082f00000| Untracked 
|  48|0x0000000083000000, 0x0000000083100000, 0x0000000083100000|100%| O|  |TAMS 0x0000000083100000, 0x0000000083000000| Untracked 
|  49|0x0000000083100000, 0x0000000083200000, 0x0000000083200000|100%| O|  |TAMS 0x0000000083200000, 0x0000000083100000| Untracked 
|  50|0x0000000083200000, 0x0000000083300000, 0x0000000083300000|100%| O|  |TAMS 0x0000000083300000, 0x0000000083200000| Untracked 
|  51|0x0000000083300000, 0x0000000083400000, 0x0000000083400000|100%| O|  |TAMS 0x0000000083400000, 0x0000000083300000| Untracked 
|  52|0x0000000083400000, 0x0000000083500000, 0x0000000083500000|100%|HS|  |TAMS 0x0000000083500000, 0x0000000083400000| Complete 
|  53|0x0000000083500000, 0x0000000083600000, 0x0000000083600000|100%|HS|  |TAMS 0x0000000083600000, 0x0000000083500000| Complete 
|  54|0x0000000083600000, 0x0000000083700000, 0x0000000083700000|100%| O|  |TAMS 0x0000000083700000, 0x0000000083600000| Untracked 
|  55|0x0000000083700000, 0x0000000083800000, 0x0000000083800000|100%|HS|  |TAMS 0x0000000083800000, 0x0000000083700000| Complete 
|  56|0x0000000083800000, 0x0000000083900000, 0x0000000083900000|100%|HS|  |TAMS 0x0000000083900000, 0x0000000083800000| Complete 
|  57|0x0000000083900000, 0x0000000083a00000, 0x0000000083a00000|100%|HC|  |TAMS 0x0000000083a00000, 0x0000000083900000| Complete 
|  58|0x0000000083a00000, 0x0000000083b00000, 0x0000000083b00000|100%|HC|  |TAMS 0x0000000083b00000, 0x0000000083a00000| Complete 
|  59|0x0000000083b00000, 0x0000000083c00000, 0x0000000083c00000|100%|HS|  |TAMS 0x0000000083c00000, 0x0000000083b00000| Complete 
|  60|0x0000000083c00000, 0x0000000083d00000, 0x0000000083d00000|100%|HC|  |TAMS 0x0000000083d00000, 0x0000000083c00000| Complete 
|  61|0x0000000083d00000, 0x0000000083e00000, 0x0000000083e00000|100%| O|  |TAMS 0x0000000083e00000, 0x0000000083d00000| Untracked 
|  62|0x0000000083e00000, 0x0000000083f00000, 0x0000000083f00000|100%| O|  |TAMS 0x0000000083f00000, 0x0000000083e00000| Untracked 
|  63|0x0000000083f00000, 0x0000000084000000, 0x0000000084000000|100%| O|  |TAMS 0x0000000084000000, 0x0000000083f00000| Untracked 
|  64|0x0000000084000000, 0x0000000084100000, 0x0000000084100000|100%| O|  |TAMS 0x0000000084100000, 0x0000000084000000| Untracked 
|  65|0x0000000084100000, 0x0000000084200000, 0x0000000084200000|100%| O|  |TAMS 0x0000000084200000, 0x0000000084100000| Untracked 
|  66|0x0000000084200000, 0x0000000084300000, 0x0000000084300000|100%| O|  |TAMS 0x0000000084300000, 0x0000000084200000| Untracked 
|  67|0x0000000084300000, 0x0000000084400000, 0x0000000084400000|100%| O|  |TAMS 0x0000000084400000, 0x0000000084300000| Untracked 
|  68|0x0000000084400000, 0x0000000084500000, 0x0000000084500000|100%| O|  |TAMS 0x0000000084500000, 0x0000000084400000| Untracked 
|  69|0x0000000084500000, 0x0000000084600000, 0x0000000084600000|100%| O|  |TAMS 0x0000000084600000, 0x0000000084500000| Untracked 
|  70|0x0000000084600000, 0x0000000084700000, 0x0000000084700000|100%| O|  |TAMS 0x0000000084700000, 0x0000000084600000| Untracked 
|  71|0x0000000084700000, 0x0000000084800000, 0x0000000084800000|100%| O|  |TAMS 0x0000000084800000, 0x0000000084700000| Untracked 
|  72|0x0000000084800000, 0x0000000084900000, 0x0000000084900000|100%| O|  |TAMS 0x0000000084900000, 0x0000000084800000| Untracked 
|  73|0x0000000084900000, 0x0000000084a00000, 0x0000000084a00000|100%| O|  |TAMS 0x0000000084a00000, 0x0000000084900000| Untracked 
|  74|0x0000000084a00000, 0x0000000084b00000, 0x0000000084b00000|100%| O|  |TAMS 0x0000000084b00000, 0x0000000084a00000| Untracked 
|  75|0x0000000084b00000, 0x0000000084c00000, 0x0000000084c00000|100%| O|  |TAMS 0x0000000084c00000, 0x0000000084b00000| Untracked 
|  76|0x0000000084c00000, 0x0000000084d00000, 0x0000000084d00000|100%| O|  |TAMS 0x0000000084d00000, 0x0000000084c00000| Untracked 
|  77|0x0000000084d00000, 0x0000000084e00000, 0x0000000084e00000|100%| O|  |TAMS 0x0000000084e00000, 0x0000000084d00000| Untracked 
|  78|0x0000000084e00000, 0x0000000084f00000, 0x0000000084f00000|100%| O|  |TAMS 0x0000000084f00000, 0x0000000084e00000| Untracked 
|  79|0x0000000084f00000, 0x0000000085000000, 0x0000000085000000|100%| O|  |TAMS 0x0000000085000000, 0x0000000084f00000| Untracked 
|  80|0x0000000085000000, 0x0000000085100000, 0x0000000085100000|100%| O|  |TAMS 0x0000000085100000, 0x0000000085000000| Untracked 
|  81|0x0000000085100000, 0x0000000085200000, 0x0000000085200000|100%| O|  |TAMS 0x0000000085200000, 0x0000000085100000| Untracked 
|  82|0x0000000085200000, 0x0000000085300000, 0x0000000085300000|100%| O|  |TAMS 0x0000000085300000, 0x0000000085200000| Untracked 
|  83|0x0000000085300000, 0x0000000085400000, 0x0000000085400000|100%| O|  |TAMS 0x0000000085400000, 0x0000000085300000| Untracked 
|  84|0x0000000085400000, 0x0000000085500000, 0x0000000085500000|100%| O|  |TAMS 0x0000000085500000, 0x0000000085400000| Untracked 
|  85|0x0000000085500000, 0x0000000085600000, 0x0000000085600000|100%| O|  |TAMS 0x0000000085600000, 0x0000000085500000| Untracked 
|  86|0x0000000085600000, 0x0000000085700000, 0x0000000085700000|100%| O|  |TAMS 0x0000000085700000, 0x0000000085600000| Untracked 
|  87|0x0000000085700000, 0x0000000085800000, 0x0000000085800000|100%| O|  |TAMS 0x0000000085800000, 0x0000000085700000| Untracked 
|  88|0x0000000085800000, 0x0000000085900000, 0x0000000085900000|100%| O|  |TAMS 0x0000000085900000, 0x0000000085800000| Untracked 
|  89|0x0000000085900000, 0x0000000085a00000, 0x0000000085a00000|100%| O|  |TAMS 0x0000000085a00000, 0x0000000085900000| Untracked 
|  90|0x0000000085a00000, 0x0000000085b00000, 0x0000000085b00000|100%| O|  |TAMS 0x0000000085b00000, 0x0000000085a00000| Untracked 
|  91|0x0000000085b00000, 0x0000000085c00000, 0x0000000085c00000|100%|HS|  |TAMS 0x0000000085c00000, 0x0000000085b00000| Complete 
|  92|0x0000000085c00000, 0x0000000085d00000, 0x0000000085d00000|100%| O|  |TAMS 0x0000000085d00000, 0x0000000085c00000| Untracked 
|  93|0x0000000085d00000, 0x0000000085e00000, 0x0000000085e00000|100%| O|  |TAMS 0x0000000085e00000, 0x0000000085d00000| Untracked 
|  94|0x0000000085e00000, 0x0000000085f00000, 0x0000000085f00000|100%| O|  |TAMS 0x0000000085f00000, 0x0000000085e00000| Untracked 
|  95|0x0000000085f00000, 0x0000000086000000, 0x0000000086000000|100%| O|  |TAMS 0x0000000086000000, 0x0000000085f00000| Untracked 
|  96|0x0000000086000000, 0x0000000086100000, 0x0000000086100000|100%| O|  |TAMS 0x0000000086100000, 0x0000000086000000| Untracked 
|  97|0x0000000086100000, 0x0000000086200000, 0x0000000086200000|100%| O|  |TAMS 0x0000000086200000, 0x0000000086100000| Untracked 
|  98|0x0000000086200000, 0x0000000086300000, 0x0000000086300000|100%| O|  |TAMS 0x0000000086300000, 0x0000000086200000| Untracked 
|  99|0x0000000086300000, 0x0000000086400000, 0x0000000086400000|100%| O|  |TAMS 0x0000000086400000, 0x0000000086300000| Untracked 
| 100|0x0000000086400000, 0x0000000086500000, 0x0000000086500000|100%| O|  |TAMS 0x0000000086500000, 0x0000000086400000| Untracked 
| 101|0x0000000086500000, 0x0000000086600000, 0x0000000086600000|100%| O|  |TAMS 0x0000000086600000, 0x0000000086500000| Untracked 
| 102|0x0000000086600000, 0x0000000086700000, 0x0000000086700000|100%| O|  |TAMS 0x0000000086700000, 0x0000000086600000| Untracked 
| 103|0x0000000086700000, 0x0000000086800000, 0x0000000086800000|100%| O|  |TAMS 0x0000000086800000, 0x0000000086700000| Untracked 
| 104|0x0000000086800000, 0x0000000086900000, 0x0000000086900000|100%| O|  |TAMS 0x0000000086900000, 0x0000000086800000| Untracked 
| 105|0x0000000086900000, 0x0000000086a00000, 0x0000000086a00000|100%| O|  |TAMS 0x0000000086a00000, 0x0000000086900000| Untracked 
| 106|0x0000000086a00000, 0x0000000086b00000, 0x0000000086b00000|100%| O|  |TAMS 0x0000000086b00000, 0x0000000086a00000| Untracked 
| 107|0x0000000086b00000, 0x0000000086c00000, 0x0000000086c00000|100%| O|  |TAMS 0x0000000086b00000, 0x0000000086b00000| Untracked 
| 108|0x0000000086c00000, 0x0000000086d00000, 0x0000000086d00000|100%| O|  |TAMS 0x0000000086d00000, 0x0000000086c00000| Untracked 
| 109|0x0000000086d00000, 0x0000000086e00000, 0x0000000086e00000|100%| O|  |TAMS 0x0000000086e00000, 0x0000000086d00000| Untracked 
| 110|0x0000000086e00000, 0x0000000086f00000, 0x0000000086f00000|100%| O|  |TAMS 0x0000000086f00000, 0x0000000086e00000| Untracked 
| 111|0x0000000086f00000, 0x0000000087000000, 0x0000000087000000|100%| O|  |TAMS 0x0000000087000000, 0x0000000086f00000| Untracked 
| 112|0x0000000087000000, 0x0000000087100000, 0x0000000087100000|100%| O|  |TAMS 0x0000000087100000, 0x0000000087000000| Untracked 
| 113|0x0000000087100000, 0x0000000087200000, 0x0000000087200000|100%| O|  |TAMS 0x0000000087200000, 0x0000000087100000| Untracked 
| 114|0x0000000087200000, 0x0000000087300000, 0x0000000087300000|100%| O|  |TAMS 0x0000000087300000, 0x0000000087200000| Untracked 
| 115|0x0000000087300000, 0x0000000087400000, 0x0000000087400000|100%| O|  |TAMS 0x0000000087400000, 0x0000000087300000| Untracked 
| 116|0x0000000087400000, 0x0000000087500000, 0x0000000087500000|100%| O|  |TAMS 0x0000000087500000, 0x0000000087400000| Untracked 
| 117|0x0000000087500000, 0x0000000087600000, 0x0000000087600000|100%| O|  |TAMS 0x0000000087600000, 0x0000000087500000| Untracked 
| 118|0x0000000087600000, 0x0000000087700000, 0x0000000087700000|100%| O|  |TAMS 0x0000000087700000, 0x0000000087600000| Untracked 
| 119|0x0000000087700000, 0x0000000087800000, 0x0000000087800000|100%| O|  |TAMS 0x0000000087700000, 0x0000000087700000| Untracked 
| 120|0x0000000087800000, 0x0000000087900000, 0x0000000087900000|100%| O|  |TAMS 0x0000000087800000, 0x0000000087800000| Untracked 
| 121|0x0000000087900000, 0x0000000087a00000, 0x0000000087a00000|100%| O|  |TAMS 0x0000000087900000, 0x0000000087900000| Untracked 
| 122|0x0000000087a00000, 0x0000000087b00000, 0x0000000087b00000|100%| O|  |TAMS 0x0000000087b00000, 0x0000000087a00000| Untracked 
| 123|0x0000000087b00000, 0x0000000087c00000, 0x0000000087c00000|100%| O|  |TAMS 0x0000000087c00000, 0x0000000087b00000| Untracked 
| 124|0x0000000087c00000, 0x0000000087d00000, 0x0000000087d00000|100%| O|  |TAMS 0x0000000087d00000, 0x0000000087c00000| Untracked 
| 125|0x0000000087d00000, 0x0000000087e00000, 0x0000000087e00000|100%| O|  |TAMS 0x0000000087d00000, 0x0000000087d00000| Untracked 
| 126|0x0000000087e00000, 0x0000000087f00000, 0x0000000087f00000|100%| O|  |TAMS 0x0000000087f00000, 0x0000000087e00000| Untracked 
| 127|0x0000000087f00000, 0x0000000088000000, 0x0000000088000000|100%| O|  |TAMS 0x0000000088000000, 0x0000000087f00000| Untracked 
| 128|0x0000000088000000, 0x0000000088100000, 0x0000000088100000|100%| O|  |TAMS 0x0000000088100000, 0x0000000088000000| Untracked 
| 129|0x0000000088100000, 0x0000000088200000, 0x0000000088200000|100%| O|  |TAMS 0x0000000088200000, 0x0000000088100000| Untracked 
| 130|0x0000000088200000, 0x0000000088300000, 0x0000000088300000|100%| O|  |TAMS 0x0000000088200000, 0x0000000088200000| Untracked 
| 131|0x0000000088300000, 0x0000000088400000, 0x0000000088400000|100%| O|  |TAMS 0x0000000088300000, 0x0000000088300000| Untracked 
| 132|0x0000000088400000, 0x0000000088500000, 0x0000000088500000|100%| O|  |TAMS 0x0000000088400000, 0x0000000088400000| Untracked 
| 133|0x0000000088500000, 0x0000000088600000, 0x0000000088600000|100%| O|  |TAMS 0x0000000088600000, 0x0000000088500000| Untracked 
| 134|0x0000000088600000, 0x0000000088700000, 0x0000000088700000|100%| O|  |TAMS 0x0000000088700000, 0x0000000088600000| Untracked 
| 135|0x0000000088700000, 0x0000000088800000, 0x0000000088800000|100%| O|  |TAMS 0x0000000088800000, 0x0000000088700000| Untracked 
| 136|0x0000000088800000, 0x0000000088900000, 0x0000000088900000|100%| O|  |TAMS 0x0000000088900000, 0x0000000088800000| Untracked 
| 137|0x0000000088900000, 0x0000000088a00000, 0x0000000088a00000|100%| O|  |TAMS 0x0000000088a00000, 0x0000000088900000| Untracked 
| 138|0x0000000088a00000, 0x0000000088b00000, 0x0000000088b00000|100%| O|  |TAMS 0x0000000088b00000, 0x0000000088a00000| Untracked 
| 139|0x0000000088b00000, 0x0000000088c00000, 0x0000000088c00000|100%| O|  |TAMS 0x0000000088c00000, 0x0000000088b00000| Untracked 
| 140|0x0000000088c00000, 0x0000000088d00000, 0x0000000088d00000|100%| O|  |TAMS 0x0000000088d00000, 0x0000000088c00000| Untracked 
| 141|0x0000000088d00000, 0x0000000088e00000, 0x0000000088e00000|100%| O|  |TAMS 0x0000000088e00000, 0x0000000088d00000| Untracked 
| 142|0x0000000088e00000, 0x0000000088f00000, 0x0000000088f00000|100%| O|  |TAMS 0x0000000088f00000, 0x0000000088e00000| Untracked 
| 143|0x0000000088f00000, 0x0000000089000000, 0x0000000089000000|100%| O|  |TAMS 0x0000000089000000, 0x0000000088f00000| Untracked 
| 144|0x0000000089000000, 0x0000000089100000, 0x0000000089100000|100%| O|  |TAMS 0x0000000089100000, 0x0000000089000000| Untracked 
| 145|0x0000000089100000, 0x0000000089200000, 0x0000000089200000|100%| O|  |TAMS 0x0000000089100000, 0x0000000089100000| Untracked 
| 146|0x0000000089200000, 0x0000000089300000, 0x0000000089300000|100%| O|  |TAMS 0x0000000089300000, 0x0000000089200000| Untracked 
| 147|0x0000000089300000, 0x0000000089400000, 0x0000000089400000|100%| O|  |TAMS 0x0000000089400000, 0x0000000089300000| Untracked 
| 148|0x0000000089400000, 0x0000000089500000, 0x0000000089500000|100%| O|  |TAMS 0x0000000089500000, 0x0000000089400000| Untracked 
| 149|0x0000000089500000, 0x0000000089600000, 0x0000000089600000|100%| O|  |TAMS 0x0000000089600000, 0x0000000089500000| Untracked 
| 150|0x0000000089600000, 0x0000000089700000, 0x0000000089700000|100%| O|  |TAMS 0x0000000089700000, 0x0000000089600000| Untracked 
| 151|0x0000000089700000, 0x0000000089800000, 0x0000000089800000|100%| O|  |TAMS 0x0000000089800000, 0x0000000089700000| Untracked 
| 152|0x0000000089800000, 0x0000000089900000, 0x0000000089900000|100%| O|  |TAMS 0x0000000089900000, 0x0000000089800000| Untracked 
| 153|0x0000000089900000, 0x0000000089a00000, 0x0000000089a00000|100%| O|  |TAMS 0x0000000089a00000, 0x0000000089900000| Untracked 
| 154|0x0000000089a00000, 0x0000000089b00000, 0x0000000089b00000|100%| O|  |TAMS 0x0000000089b00000, 0x0000000089a00000| Untracked 
| 155|0x0000000089b00000, 0x0000000089c00000, 0x0000000089c00000|100%| O|  |TAMS 0x0000000089c00000, 0x0000000089b00000| Untracked 
| 156|0x0000000089c00000, 0x0000000089d00000, 0x0000000089d00000|100%| O|  |TAMS 0x0000000089d00000, 0x0000000089c00000| Untracked 
| 157|0x0000000089d00000, 0x0000000089e00000, 0x0000000089e00000|100%| O|  |TAMS 0x0000000089d00000, 0x0000000089d00000| Untracked 
| 158|0x0000000089e00000, 0x0000000089f00000, 0x0000000089f00000|100%| O|  |TAMS 0x0000000089f00000, 0x0000000089e00000| Untracked 
| 159|0x0000000089f00000, 0x000000008a000000, 0x000000008a000000|100%| O|  |TAMS 0x0000000089f00000, 0x0000000089f00000| Untracked 
| 160|0x000000008a000000, 0x000000008a100000, 0x000000008a100000|100%| O|  |TAMS 0x000000008a000000, 0x000000008a000000| Untracked 
| 161|0x000000008a100000, 0x000000008a200000, 0x000000008a200000|100%| O|  |TAMS 0x000000008a100000, 0x000000008a100000| Untracked 
| 162|0x000000008a200000, 0x000000008a300000, 0x000000008a300000|100%| O|  |TAMS 0x000000008a200000, 0x000000008a200000| Untracked 
| 163|0x000000008a300000, 0x000000008a400000, 0x000000008a400000|100%| O|  |TAMS 0x000000008a300000, 0x000000008a300000| Untracked 
| 164|0x000000008a400000, 0x000000008a500000, 0x000000008a500000|100%| O|  |TAMS 0x000000008a400000, 0x000000008a400000| Untracked 
| 165|0x000000008a500000, 0x000000008a600000, 0x000000008a600000|100%| O|  |TAMS 0x000000008a500000, 0x000000008a500000| Untracked 
| 166|0x000000008a600000, 0x000000008a700000, 0x000000008a700000|100%| O|  |TAMS 0x000000008a600000, 0x000000008a600000| Untracked 
| 167|0x000000008a700000, 0x000000008a800000, 0x000000008a800000|100%| O|  |TAMS 0x000000008a700000, 0x000000008a700000| Untracked 
| 168|0x000000008a800000, 0x000000008a900000, 0x000000008a900000|100%| O|  |TAMS 0x000000008a800000, 0x000000008a800000| Untracked 
| 169|0x000000008a900000, 0x000000008aa00000, 0x000000008aa00000|100%| O|  |TAMS 0x000000008a900000, 0x000000008a900000| Untracked 
| 170|0x000000008aa00000, 0x000000008ab00000, 0x000000008ab00000|100%| O|  |TAMS 0x000000008aa00000, 0x000000008aa00000| Untracked 
| 171|0x000000008ab00000, 0x000000008ac00000, 0x000000008ac00000|100%| O|  |TAMS 0x000000008ab00000, 0x000000008ab00000| Untracked 
| 172|0x000000008ac00000, 0x000000008ad00000, 0x000000008ad00000|100%| O|  |TAMS 0x000000008ac00000, 0x000000008ac00000| Untracked 
| 173|0x000000008ad00000, 0x000000008ae00000, 0x000000008ae00000|100%| O|  |TAMS 0x000000008ad00000, 0x000000008ad00000| Untracked 
| 174|0x000000008ae00000, 0x000000008af00000, 0x000000008af00000|100%| O|  |TAMS 0x000000008ae00000, 0x000000008ae00000| Untracked 
| 175|0x000000008af00000, 0x000000008b000000, 0x000000008b000000|100%| O|  |TAMS 0x000000008af00000, 0x000000008af00000| Untracked 
| 176|0x000000008b000000, 0x000000008b100000, 0x000000008b100000|100%| O|  |TAMS 0x000000008b000000, 0x000000008b000000| Untracked 
| 177|0x000000008b100000, 0x000000008b200000, 0x000000008b200000|100%| O|  |TAMS 0x000000008b100000, 0x000000008b100000| Untracked 
| 178|0x000000008b200000, 0x000000008b300000, 0x000000008b300000|100%| O|  |TAMS 0x000000008b200000, 0x000000008b200000| Untracked 
| 179|0x000000008b300000, 0x000000008b400000, 0x000000008b400000|100%| O|  |TAMS 0x000000008b300000, 0x000000008b300000| Untracked 
| 180|0x000000008b400000, 0x000000008b500000, 0x000000008b500000|100%| O|  |TAMS 0x000000008b400000, 0x000000008b400000| Untracked 
| 181|0x000000008b500000, 0x000000008b600000, 0x000000008b600000|100%| O|  |TAMS 0x000000008b500000, 0x000000008b500000| Untracked 
| 182|0x000000008b600000, 0x000000008b700000, 0x000000008b700000|100%| O|  |TAMS 0x000000008b600000, 0x000000008b600000| Untracked 
| 183|0x000000008b700000, 0x000000008b800000, 0x000000008b800000|100%| O|  |TAMS 0x000000008b700000, 0x000000008b700000| Untracked 
| 184|0x000000008b800000, 0x000000008b900000, 0x000000008b900000|100%| O|  |TAMS 0x000000008b800000, 0x000000008b800000| Untracked 
| 185|0x000000008b900000, 0x000000008ba00000, 0x000000008ba00000|100%| O|  |TAMS 0x000000008b900000, 0x000000008b900000| Untracked 
| 186|0x000000008ba00000, 0x000000008bb00000, 0x000000008bb00000|100%| O|  |TAMS 0x000000008ba00000, 0x000000008ba00000| Untracked 
| 187|0x000000008bb00000, 0x000000008bc00000, 0x000000008bc00000|100%| O|  |TAMS 0x000000008bb00000, 0x000000008bb00000| Untracked 
| 188|0x000000008bc00000, 0x000000008bd00000, 0x000000008bd00000|100%| O|  |TAMS 0x000000008bc00000, 0x000000008bc00000| Untracked 
| 189|0x000000008bd00000, 0x000000008be00000, 0x000000008be00000|100%| O|  |TAMS 0x000000008bd00000, 0x000000008bd00000| Untracked 
| 190|0x000000008be00000, 0x000000008bf00000, 0x000000008bf00000|100%| O|  |TAMS 0x000000008be00000, 0x000000008be00000| Untracked 
| 191|0x000000008bf00000, 0x000000008c000000, 0x000000008c000000|100%| O|  |TAMS 0x000000008bf00000, 0x000000008bf00000| Untracked 
| 192|0x000000008c000000, 0x000000008c100000, 0x000000008c100000|100%| O|  |TAMS 0x000000008c000000, 0x000000008c000000| Untracked 
| 193|0x000000008c100000, 0x000000008c200000, 0x000000008c200000|100%| O|  |TAMS 0x000000008c100000, 0x000000008c100000| Untracked 
| 194|0x000000008c200000, 0x000000008c300000, 0x000000008c300000|100%| O|  |TAMS 0x000000008c200000, 0x000000008c200000| Untracked 
| 195|0x000000008c300000, 0x000000008c400000, 0x000000008c400000|100%| O|  |TAMS 0x000000008c300000, 0x000000008c300000| Untracked 
| 196|0x000000008c400000, 0x000000008c500000, 0x000000008c500000|100%| O|  |TAMS 0x000000008c400000, 0x000000008c400000| Untracked 
| 197|0x000000008c500000, 0x000000008c5b2e00, 0x000000008c600000| 69%| O|  |TAMS 0x000000008c500000, 0x000000008c500000| Untracked 
| 198|0x000000008c600000, 0x000000008c600000, 0x000000008c700000|  0%| F|  |TAMS 0x000000008c600000, 0x000000008c600000| Untracked 
| 199|0x000000008c700000, 0x000000008c700000, 0x000000008c800000|  0%| F|  |TAMS 0x000000008c700000, 0x000000008c700000| Untracked 
| 200|0x000000008c800000, 0x000000008c800000, 0x000000008c900000|  0%| F|  |TAMS 0x000000008c800000, 0x000000008c800000| Untracked 
| 201|0x000000008c900000, 0x000000008c900000, 0x000000008ca00000|  0%| F|  |TAMS 0x000000008c900000, 0x000000008c900000| Untracked 
| 202|0x000000008ca00000, 0x000000008ca00000, 0x000000008cb00000|  0%| F|  |TAMS 0x000000008ca00000, 0x000000008ca00000| Untracked 
| 203|0x000000008cb00000, 0x000000008cb00000, 0x000000008cc00000|  0%| F|  |TAMS 0x000000008cb00000, 0x000000008cb00000| Untracked 
| 204|0x000000008cc00000, 0x000000008cc00000, 0x000000008cd00000|  0%| F|  |TAMS 0x000000008cc00000, 0x000000008cc00000| Untracked 
| 205|0x000000008cd00000, 0x000000008cd00000, 0x000000008ce00000|  0%| F|  |TAMS 0x000000008cd00000, 0x000000008cd00000| Untracked 
| 206|0x000000008ce00000, 0x000000008ce00000, 0x000000008cf00000|  0%| F|  |TAMS 0x000000008ce00000, 0x000000008ce00000| Untracked 
| 207|0x000000008cf00000, 0x000000008cf00000, 0x000000008d000000|  0%| F|  |TAMS 0x000000008cf00000, 0x000000008cf00000| Untracked 
| 208|0x000000008d000000, 0x000000008d000000, 0x000000008d100000|  0%| F|  |TAMS 0x000000008d000000, 0x000000008d000000| Untracked 
| 209|0x000000008d100000, 0x000000008d100000, 0x000000008d200000|  0%| F|  |TAMS 0x000000008d100000, 0x000000008d100000| Untracked 
| 210|0x000000008d200000, 0x000000008d200000, 0x000000008d300000|  0%| F|  |TAMS 0x000000008d200000, 0x000000008d200000| Untracked 
| 211|0x000000008d300000, 0x000000008d300000, 0x000000008d400000|  0%| F|  |TAMS 0x000000008d300000, 0x000000008d300000| Untracked 
| 212|0x000000008d400000, 0x000000008d400000, 0x000000008d500000|  0%| F|  |TAMS 0x000000008d400000, 0x000000008d400000| Untracked 
| 213|0x000000008d500000, 0x000000008d500000, 0x000000008d600000|  0%| F|  |TAMS 0x000000008d500000, 0x000000008d500000| Untracked 
| 214|0x000000008d600000, 0x000000008d600000, 0x000000008d700000|  0%| F|  |TAMS 0x000000008d600000, 0x000000008d600000| Untracked 
| 215|0x000000008d700000, 0x000000008d700000, 0x000000008d800000|  0%| F|  |TAMS 0x000000008d700000, 0x000000008d700000| Untracked 
| 216|0x000000008d800000, 0x000000008d800000, 0x000000008d900000|  0%| F|  |TAMS 0x000000008d800000, 0x000000008d800000| Untracked 
| 217|0x000000008d900000, 0x000000008d900000, 0x000000008da00000|  0%| F|  |TAMS 0x000000008d900000, 0x000000008d900000| Untracked 
| 218|0x000000008da00000, 0x000000008da00000, 0x000000008db00000|  0%| F|  |TAMS 0x000000008da00000, 0x000000008da00000| Untracked 
| 219|0x000000008db00000, 0x000000008db00000, 0x000000008dc00000|  0%| F|  |TAMS 0x000000008db00000, 0x000000008db00000| Untracked 
| 220|0x000000008dc00000, 0x000000008dc00000, 0x000000008dd00000|  0%| F|  |TAMS 0x000000008dc00000, 0x000000008dc00000| Untracked 
| 221|0x000000008dd00000, 0x000000008dd00000, 0x000000008de00000|  0%| F|  |TAMS 0x000000008dd00000, 0x000000008dd00000| Untracked 
| 222|0x000000008de00000, 0x000000008de00000, 0x000000008df00000|  0%| F|  |TAMS 0x000000008de00000, 0x000000008de00000| Untracked 
| 223|0x000000008df00000, 0x000000008df00000, 0x000000008e000000|  0%| F|  |TAMS 0x000000008df00000, 0x000000008df00000| Untracked 
| 224|0x000000008e000000, 0x000000008e000000, 0x000000008e100000|  0%| F|  |TAMS 0x000000008e000000, 0x000000008e000000| Untracked 
| 225|0x000000008e100000, 0x000000008e100000, 0x000000008e200000|  0%| F|  |TAMS 0x000000008e100000, 0x000000008e100000| Untracked 
| 226|0x000000008e200000, 0x000000008e200000, 0x000000008e300000|  0%| F|  |TAMS 0x000000008e200000, 0x000000008e200000| Untracked 
| 227|0x000000008e300000, 0x000000008e300000, 0x000000008e400000|  0%| F|  |TAMS 0x000000008e300000, 0x000000008e300000| Untracked 
| 228|0x000000008e400000, 0x000000008e400000, 0x000000008e500000|  0%| F|  |TAMS 0x000000008e400000, 0x000000008e400000| Untracked 
| 229|0x000000008e500000, 0x000000008e500000, 0x000000008e600000|  0%| F|  |TAMS 0x000000008e500000, 0x000000008e500000| Untracked 
| 230|0x000000008e600000, 0x000000008e600000, 0x000000008e700000|  0%| F|  |TAMS 0x000000008e600000, 0x000000008e600000| Untracked 
| 231|0x000000008e700000, 0x000000008e700000, 0x000000008e800000|  0%| F|  |TAMS 0x000000008e700000, 0x000000008e700000| Untracked 
| 232|0x000000008e800000, 0x000000008e800000, 0x000000008e900000|  0%| F|  |TAMS 0x000000008e800000, 0x000000008e800000| Untracked 
| 233|0x000000008e900000, 0x000000008e900000, 0x000000008ea00000|  0%| F|  |TAMS 0x000000008e900000, 0x000000008e900000| Untracked 
| 234|0x000000008ea00000, 0x000000008ea00000, 0x000000008eb00000|  0%| F|  |TAMS 0x000000008ea00000, 0x000000008ea00000| Untracked 
| 235|0x000000008eb00000, 0x000000008eb00000, 0x000000008ec00000|  0%| F|  |TAMS 0x000000008eb00000, 0x000000008eb00000| Untracked 
| 236|0x000000008ec00000, 0x000000008ece6d00, 0x000000008ed00000| 90%| S|CS|TAMS 0x000000008ec00000, 0x000000008ec00000| Complete 
| 237|0x000000008ed00000, 0x000000008ee00000, 0x000000008ee00000|100%| S|CS|TAMS 0x000000008ed00000, 0x000000008ed00000| Complete 
| 238|0x000000008ee00000, 0x000000008ef00000, 0x000000008ef00000|100%| S|CS|TAMS 0x000000008ee00000, 0x000000008ee00000| Complete 
| 239|0x000000008ef00000, 0x000000008f000000, 0x000000008f000000|100%| S|CS|TAMS 0x000000008ef00000, 0x000000008ef00000| Complete 
| 240|0x000000008f000000, 0x000000008f100000, 0x000000008f100000|100%| S|CS|TAMS 0x000000008f000000, 0x000000008f000000| Complete 
| 241|0x000000008f100000, 0x000000008f200000, 0x000000008f200000|100%| S|CS|TAMS 0x000000008f100000, 0x000000008f100000| Complete 
| 242|0x000000008f200000, 0x000000008f300000, 0x000000008f300000|100%| S|CS|TAMS 0x000000008f200000, 0x000000008f200000| Complete 
| 243|0x000000008f300000, 0x000000008f400000, 0x000000008f400000|100%| S|CS|TAMS 0x000000008f300000, 0x000000008f300000| Complete 
| 244|0x000000008f400000, 0x000000008f500000, 0x000000008f500000|100%| S|CS|TAMS 0x000000008f400000, 0x000000008f400000| Complete 
| 245|0x000000008f500000, 0x000000008f500000, 0x000000008f600000|  0%| F|  |TAMS 0x000000008f500000, 0x000000008f500000| Untracked 
| 246|0x000000008f600000, 0x000000008f600000, 0x000000008f700000|  0%| F|  |TAMS 0x000000008f600000, 0x000000008f600000| Untracked 
| 247|0x000000008f700000, 0x000000008f700000, 0x000000008f800000|  0%| F|  |TAMS 0x000000008f700000, 0x000000008f700000| Untracked 
| 248|0x000000008f800000, 0x000000008f800000, 0x000000008f900000|  0%| F|  |TAMS 0x000000008f800000, 0x000000008f800000| Untracked 
| 249|0x000000008f900000, 0x000000008f900000, 0x000000008fa00000|  0%| F|  |TAMS 0x000000008f900000, 0x000000008f900000| Untracked 
| 250|0x000000008fa00000, 0x000000008fa00000, 0x000000008fb00000|  0%| F|  |TAMS 0x000000008fa00000, 0x000000008fa00000| Untracked 
| 251|0x000000008fb00000, 0x000000008fb00000, 0x000000008fc00000|  0%| F|  |TAMS 0x000000008fb00000, 0x000000008fb00000| Untracked 
| 252|0x000000008fc00000, 0x000000008fc00000, 0x000000008fd00000|  0%| F|  |TAMS 0x000000008fc00000, 0x000000008fc00000| Untracked 
| 253|0x000000008fd00000, 0x000000008fd00000, 0x000000008fe00000|  0%| F|  |TAMS 0x000000008fd00000, 0x000000008fd00000| Untracked 
| 254|0x000000008fe00000, 0x000000008fe00000, 0x000000008ff00000|  0%| F|  |TAMS 0x000000008fe00000, 0x000000008fe00000| Untracked 
| 255|0x000000008ff00000, 0x000000008ff00000, 0x0000000090000000|  0%| F|  |TAMS 0x000000008ff00000, 0x000000008ff00000| Untracked 
| 256|0x0000000090000000, 0x0000000090100000, 0x0000000090100000|100%| S|CS|TAMS 0x0000000090000000, 0x0000000090000000| Complete 
| 257|0x0000000090100000, 0x0000000090200000, 0x0000000090200000|100%| S|CS|TAMS 0x0000000090100000, 0x0000000090100000| Complete 
| 258|0x0000000090200000, 0x0000000090200000, 0x0000000090300000|  0%| F|  |TAMS 0x0000000090200000, 0x0000000090200000| Untracked 
| 259|0x0000000090300000, 0x0000000090300000, 0x0000000090400000|  0%| F|  |TAMS 0x0000000090300000, 0x0000000090300000| Untracked 
| 260|0x0000000090400000, 0x0000000090400000, 0x0000000090500000|  0%| F|  |TAMS 0x0000000090400000, 0x0000000090400000| Untracked 
| 261|0x0000000090500000, 0x0000000090500000, 0x0000000090600000|  0%| F|  |TAMS 0x0000000090500000, 0x0000000090500000| Untracked 
| 262|0x0000000090600000, 0x0000000090600000, 0x0000000090700000|  0%| F|  |TAMS 0x0000000090600000, 0x0000000090600000| Untracked 
| 263|0x0000000090700000, 0x0000000090700000, 0x0000000090800000|  0%| F|  |TAMS 0x0000000090700000, 0x0000000090700000| Untracked 
| 264|0x0000000090800000, 0x0000000090800000, 0x0000000090900000|  0%| F|  |TAMS 0x0000000090800000, 0x0000000090800000| Untracked 
| 265|0x0000000090900000, 0x0000000090900000, 0x0000000090a00000|  0%| F|  |TAMS 0x0000000090900000, 0x0000000090900000| Untracked 
| 266|0x0000000090a00000, 0x0000000090a00000, 0x0000000090b00000|  0%| F|  |TAMS 0x0000000090a00000, 0x0000000090a00000| Untracked 
| 267|0x0000000090b00000, 0x0000000090b00000, 0x0000000090c00000|  0%| F|  |TAMS 0x0000000090b00000, 0x0000000090b00000| Untracked 
| 268|0x0000000090c00000, 0x0000000090c00000, 0x0000000090d00000|  0%| F|  |TAMS 0x0000000090c00000, 0x0000000090c00000| Untracked 
| 269|0x0000000090d00000, 0x0000000090d00000, 0x0000000090e00000|  0%| F|  |TAMS 0x0000000090d00000, 0x0000000090d00000| Untracked 
| 270|0x0000000090e00000, 0x0000000090e00000, 0x0000000090f00000|  0%| F|  |TAMS 0x0000000090e00000, 0x0000000090e00000| Untracked 
| 271|0x0000000090f00000, 0x0000000090f00000, 0x0000000091000000|  0%| F|  |TAMS 0x0000000090f00000, 0x0000000090f00000| Untracked 
| 272|0x0000000091000000, 0x0000000091000000, 0x0000000091100000|  0%| F|  |TAMS 0x0000000091000000, 0x0000000091000000| Untracked 
| 273|0x0000000091100000, 0x0000000091100000, 0x0000000091200000|  0%| F|  |TAMS 0x0000000091100000, 0x0000000091100000| Untracked 
| 274|0x0000000091200000, 0x0000000091200000, 0x0000000091300000|  0%| F|  |TAMS 0x0000000091200000, 0x0000000091200000| Untracked 
| 275|0x0000000091300000, 0x0000000091300000, 0x0000000091400000|  0%| F|  |TAMS 0x0000000091300000, 0x0000000091300000| Untracked 
| 276|0x0000000091400000, 0x0000000091400000, 0x0000000091500000|  0%| F|  |TAMS 0x0000000091400000, 0x0000000091400000| Untracked 
| 277|0x0000000091500000, 0x0000000091500000, 0x0000000091600000|  0%| F|  |TAMS 0x0000000091500000, 0x0000000091500000| Untracked 
| 278|0x0000000091600000, 0x0000000091600000, 0x0000000091700000|  0%| F|  |TAMS 0x0000000091600000, 0x0000000091600000| Untracked 
| 279|0x0000000091700000, 0x0000000091700000, 0x0000000091800000|  0%| F|  |TAMS 0x0000000091700000, 0x0000000091700000| Untracked 
| 280|0x0000000091800000, 0x0000000091800000, 0x0000000091900000|  0%| F|  |TAMS 0x0000000091800000, 0x0000000091800000| Untracked 
| 281|0x0000000091900000, 0x0000000091900000, 0x0000000091a00000|  0%| F|  |TAMS 0x0000000091900000, 0x0000000091900000| Untracked 
| 282|0x0000000091a00000, 0x0000000091a00000, 0x0000000091b00000|  0%| F|  |TAMS 0x0000000091a00000, 0x0000000091a00000| Untracked 
| 283|0x0000000091b00000, 0x0000000091b00000, 0x0000000091c00000|  0%| F|  |TAMS 0x0000000091b00000, 0x0000000091b00000| Untracked 
| 284|0x0000000091c00000, 0x0000000091c00000, 0x0000000091d00000|  0%| F|  |TAMS 0x0000000091c00000, 0x0000000091c00000| Untracked 
| 285|0x0000000091d00000, 0x0000000091d00000, 0x0000000091e00000|  0%| F|  |TAMS 0x0000000091d00000, 0x0000000091d00000| Untracked 
| 286|0x0000000091e00000, 0x0000000091e00000, 0x0000000091f00000|  0%| F|  |TAMS 0x0000000091e00000, 0x0000000091e00000| Untracked 
| 287|0x0000000091f00000, 0x0000000091f00000, 0x0000000092000000|  0%| F|  |TAMS 0x0000000091f00000, 0x0000000091f00000| Untracked 
| 288|0x0000000092000000, 0x0000000092000000, 0x0000000092100000|  0%| F|  |TAMS 0x0000000092000000, 0x0000000092000000| Untracked 
| 289|0x0000000092100000, 0x0000000092100000, 0x0000000092200000|  0%| F|  |TAMS 0x0000000092100000, 0x0000000092100000| Untracked 
| 290|0x0000000092200000, 0x0000000092200000, 0x0000000092300000|  0%| F|  |TAMS 0x0000000092200000, 0x0000000092200000| Untracked 
| 291|0x0000000092300000, 0x0000000092300000, 0x0000000092400000|  0%| F|  |TAMS 0x0000000092300000, 0x0000000092300000| Untracked 
| 292|0x0000000092400000, 0x0000000092400000, 0x0000000092500000|  0%| F|  |TAMS 0x0000000092400000, 0x0000000092400000| Untracked 
| 293|0x0000000092500000, 0x0000000092500000, 0x0000000092600000|  0%| F|  |TAMS 0x0000000092500000, 0x0000000092500000| Untracked 
| 294|0x0000000092600000, 0x0000000092600000, 0x0000000092700000|  0%| F|  |TAMS 0x0000000092600000, 0x0000000092600000| Untracked 
| 295|0x0000000092700000, 0x0000000092700000, 0x0000000092800000|  0%| F|  |TAMS 0x0000000092700000, 0x0000000092700000| Untracked 
| 296|0x0000000092800000, 0x0000000092800000, 0x0000000092900000|  0%| F|  |TAMS 0x0000000092800000, 0x0000000092800000| Untracked 
| 297|0x0000000092900000, 0x0000000092900000, 0x0000000092a00000|  0%| F|  |TAMS 0x0000000092900000, 0x0000000092900000| Untracked 
| 298|0x0000000092a00000, 0x0000000092a00000, 0x0000000092b00000|  0%| F|  |TAMS 0x0000000092a00000, 0x0000000092a00000| Untracked 
| 299|0x0000000092b00000, 0x0000000092b00000, 0x0000000092c00000|  0%| F|  |TAMS 0x0000000092b00000, 0x0000000092b00000| Untracked 
| 300|0x0000000092c00000, 0x0000000092c00000, 0x0000000092d00000|  0%| F|  |TAMS 0x0000000092c00000, 0x0000000092c00000| Untracked 
| 301|0x0000000092d00000, 0x0000000092d00000, 0x0000000092e00000|  0%| F|  |TAMS 0x0000000092d00000, 0x0000000092d00000| Untracked 
| 302|0x0000000092e00000, 0x0000000092e00000, 0x0000000092f00000|  0%| F|  |TAMS 0x0000000092e00000, 0x0000000092e00000| Untracked 
| 303|0x0000000092f00000, 0x0000000092f00000, 0x0000000093000000|  0%| F|  |TAMS 0x0000000092f00000, 0x0000000092f00000| Untracked 
| 304|0x0000000093000000, 0x0000000093000000, 0x0000000093100000|  0%| F|  |TAMS 0x0000000093000000, 0x0000000093000000| Untracked 
| 305|0x0000000093100000, 0x0000000093100000, 0x0000000093200000|  0%| F|  |TAMS 0x0000000093100000, 0x0000000093100000| Untracked 
| 306|0x0000000093200000, 0x0000000093200000, 0x0000000093300000|  0%| F|  |TAMS 0x0000000093200000, 0x0000000093200000| Untracked 
| 307|0x0000000093300000, 0x0000000093300000, 0x0000000093400000|  0%| F|  |TAMS 0x0000000093300000, 0x0000000093300000| Untracked 
| 308|0x0000000093400000, 0x0000000093400000, 0x0000000093500000|  0%| F|  |TAMS 0x0000000093400000, 0x0000000093400000| Untracked 
| 309|0x0000000093500000, 0x0000000093500000, 0x0000000093600000|  0%| F|  |TAMS 0x0000000093500000, 0x0000000093500000| Untracked 
| 310|0x0000000093600000, 0x0000000093600000, 0x0000000093700000|  0%| F|  |TAMS 0x0000000093600000, 0x0000000093600000| Untracked 
| 311|0x0000000093700000, 0x0000000093700000, 0x0000000093800000|  0%| F|  |TAMS 0x0000000093700000, 0x0000000093700000| Untracked 
| 312|0x0000000093800000, 0x0000000093800000, 0x0000000093900000|  0%| F|  |TAMS 0x0000000093800000, 0x0000000093800000| Untracked 
| 313|0x0000000093900000, 0x0000000093900000, 0x0000000093a00000|  0%| F|  |TAMS 0x0000000093900000, 0x0000000093900000| Untracked 
| 314|0x0000000093a00000, 0x0000000093a00000, 0x0000000093b00000|  0%| F|  |TAMS 0x0000000093a00000, 0x0000000093a00000| Untracked 
| 315|0x0000000093b00000, 0x0000000093b00000, 0x0000000093c00000|  0%| F|  |TAMS 0x0000000093b00000, 0x0000000093b00000| Untracked 
| 316|0x0000000093c00000, 0x0000000093c00000, 0x0000000093d00000|  0%| F|  |TAMS 0x0000000093c00000, 0x0000000093c00000| Untracked 
| 317|0x0000000093d00000, 0x0000000093d00000, 0x0000000093e00000|  0%| F|  |TAMS 0x0000000093d00000, 0x0000000093d00000| Untracked 
| 318|0x0000000093e00000, 0x0000000093e00000, 0x0000000093f00000|  0%| F|  |TAMS 0x0000000093e00000, 0x0000000093e00000| Untracked 
| 319|0x0000000093f00000, 0x0000000093f00000, 0x0000000094000000|  0%| F|  |TAMS 0x0000000093f00000, 0x0000000093f00000| Untracked 
| 320|0x0000000094000000, 0x0000000094000000, 0x0000000094100000|  0%| F|  |TAMS 0x0000000094000000, 0x0000000094000000| Untracked 
| 321|0x0000000094100000, 0x0000000094100000, 0x0000000094200000|  0%| F|  |TAMS 0x0000000094100000, 0x0000000094100000| Untracked 
| 322|0x0000000094200000, 0x0000000094200000, 0x0000000094300000|  0%| F|  |TAMS 0x0000000094200000, 0x0000000094200000| Untracked 
| 323|0x0000000094300000, 0x0000000094300000, 0x0000000094400000|  0%| F|  |TAMS 0x0000000094300000, 0x0000000094300000| Untracked 
| 324|0x0000000094400000, 0x0000000094400000, 0x0000000094500000|  0%| F|  |TAMS 0x0000000094400000, 0x0000000094400000| Untracked 
| 325|0x0000000094500000, 0x0000000094500000, 0x0000000094600000|  0%| F|  |TAMS 0x0000000094500000, 0x0000000094500000| Untracked 
| 326|0x0000000094600000, 0x0000000094600000, 0x0000000094700000|  0%| F|  |TAMS 0x0000000094600000, 0x0000000094600000| Untracked 
| 327|0x0000000094700000, 0x0000000094700000, 0x0000000094800000|  0%| F|  |TAMS 0x0000000094700000, 0x0000000094700000| Untracked 
| 328|0x0000000094800000, 0x0000000094800000, 0x0000000094900000|  0%| F|  |TAMS 0x0000000094800000, 0x0000000094800000| Untracked 
| 329|0x0000000094900000, 0x0000000094900000, 0x0000000094a00000|  0%| F|  |TAMS 0x0000000094900000, 0x0000000094900000| Untracked 
| 330|0x0000000094a00000, 0x0000000094a00000, 0x0000000094b00000|  0%| F|  |TAMS 0x0000000094a00000, 0x0000000094a00000| Untracked 
| 331|0x0000000094b00000, 0x0000000094b00000, 0x0000000094c00000|  0%| F|  |TAMS 0x0000000094b00000, 0x0000000094b00000| Untracked 
| 332|0x0000000094c00000, 0x0000000094c00000, 0x0000000094d00000|  0%| F|  |TAMS 0x0000000094c00000, 0x0000000094c00000| Untracked 
| 333|0x0000000094d00000, 0x0000000094d00000, 0x0000000094e00000|  0%| F|  |TAMS 0x0000000094d00000, 0x0000000094d00000| Untracked 
| 334|0x0000000094e00000, 0x0000000094e00000, 0x0000000094f00000|  0%| F|  |TAMS 0x0000000094e00000, 0x0000000094e00000| Untracked 
| 335|0x0000000094f00000, 0x0000000094f00000, 0x0000000095000000|  0%| F|  |TAMS 0x0000000094f00000, 0x0000000094f00000| Untracked 
| 336|0x0000000095000000, 0x0000000095000000, 0x0000000095100000|  0%| F|  |TAMS 0x0000000095000000, 0x0000000095000000| Untracked 
| 337|0x0000000095100000, 0x0000000095100000, 0x0000000095200000|  0%| F|  |TAMS 0x0000000095100000, 0x0000000095100000| Untracked 
| 338|0x0000000095200000, 0x0000000095200000, 0x0000000095300000|  0%| F|  |TAMS 0x0000000095200000, 0x0000000095200000| Untracked 
| 339|0x0000000095300000, 0x0000000095300000, 0x0000000095400000|  0%| F|  |TAMS 0x0000000095300000, 0x0000000095300000| Untracked 
| 340|0x0000000095400000, 0x0000000095400000, 0x0000000095500000|  0%| F|  |TAMS 0x0000000095400000, 0x0000000095400000| Untracked 
| 341|0x0000000095500000, 0x0000000095500000, 0x0000000095600000|  0%| F|  |TAMS 0x0000000095500000, 0x0000000095500000| Untracked 
| 342|0x0000000095600000, 0x0000000095600000, 0x0000000095700000|  0%| F|  |TAMS 0x0000000095600000, 0x0000000095600000| Untracked 
| 343|0x0000000095700000, 0x0000000095700000, 0x0000000095800000|  0%| F|  |TAMS 0x0000000095700000, 0x0000000095700000| Untracked 
| 344|0x0000000095800000, 0x0000000095800000, 0x0000000095900000|  0%| F|  |TAMS 0x0000000095800000, 0x0000000095800000| Untracked 
| 345|0x0000000095900000, 0x0000000095900000, 0x0000000095a00000|  0%| F|  |TAMS 0x0000000095900000, 0x0000000095900000| Untracked 
| 346|0x0000000095a00000, 0x0000000095a00000, 0x0000000095b00000|  0%| F|  |TAMS 0x0000000095a00000, 0x0000000095a00000| Untracked 
| 347|0x0000000095b00000, 0x0000000095b00000, 0x0000000095c00000|  0%| F|  |TAMS 0x0000000095b00000, 0x0000000095b00000| Untracked 
| 348|0x0000000095c00000, 0x0000000095c00000, 0x0000000095d00000|  0%| F|  |TAMS 0x0000000095c00000, 0x0000000095c00000| Untracked 
| 349|0x0000000095d00000, 0x0000000095d00000, 0x0000000095e00000|  0%| F|  |TAMS 0x0000000095d00000, 0x0000000095d00000| Untracked 
| 350|0x0000000095e00000, 0x0000000095e00000, 0x0000000095f00000|  0%| F|  |TAMS 0x0000000095e00000, 0x0000000095e00000| Untracked 
| 351|0x0000000095f00000, 0x0000000095f00000, 0x0000000096000000|  0%| F|  |TAMS 0x0000000095f00000, 0x0000000095f00000| Untracked 
| 352|0x0000000096000000, 0x0000000096000000, 0x0000000096100000|  0%| F|  |TAMS 0x0000000096000000, 0x0000000096000000| Untracked 
| 353|0x0000000096100000, 0x0000000096100000, 0x0000000096200000|  0%| F|  |TAMS 0x0000000096100000, 0x0000000096100000| Untracked 
| 354|0x0000000096200000, 0x0000000096200000, 0x0000000096300000|  0%| F|  |TAMS 0x0000000096200000, 0x0000000096200000| Untracked 
| 355|0x0000000096300000, 0x0000000096300000, 0x0000000096400000|  0%| F|  |TAMS 0x0000000096300000, 0x0000000096300000| Untracked 
| 356|0x0000000096400000, 0x0000000096400000, 0x0000000096500000|  0%| F|  |TAMS 0x0000000096400000, 0x0000000096400000| Untracked 
| 357|0x0000000096500000, 0x0000000096500000, 0x0000000096600000|  0%| F|  |TAMS 0x0000000096500000, 0x0000000096500000| Untracked 
| 358|0x0000000096600000, 0x0000000096600000, 0x0000000096700000|  0%| F|  |TAMS 0x0000000096600000, 0x0000000096600000| Untracked 
| 359|0x0000000096700000, 0x0000000096700000, 0x0000000096800000|  0%| F|  |TAMS 0x0000000096700000, 0x0000000096700000| Untracked 
| 360|0x0000000096800000, 0x0000000096800000, 0x0000000096900000|  0%| F|  |TAMS 0x0000000096800000, 0x0000000096800000| Untracked 
| 361|0x0000000096900000, 0x0000000096900000, 0x0000000096a00000|  0%| F|  |TAMS 0x0000000096900000, 0x0000000096900000| Untracked 
| 362|0x0000000096a00000, 0x0000000096a00000, 0x0000000096b00000|  0%| F|  |TAMS 0x0000000096a00000, 0x0000000096a00000| Untracked 
| 363|0x0000000096b00000, 0x0000000096b00000, 0x0000000096c00000|  0%| F|  |TAMS 0x0000000096b00000, 0x0000000096b00000| Untracked 
| 364|0x0000000096c00000, 0x0000000096c00000, 0x0000000096d00000|  0%| F|  |TAMS 0x0000000096c00000, 0x0000000096c00000| Untracked 
| 365|0x0000000096d00000, 0x0000000096d00000, 0x0000000096e00000|  0%| F|  |TAMS 0x0000000096d00000, 0x0000000096d00000| Untracked 
| 366|0x0000000096e00000, 0x0000000096e00000, 0x0000000096f00000|  0%| F|  |TAMS 0x0000000096e00000, 0x0000000096e00000| Untracked 
| 367|0x0000000096f00000, 0x0000000096f00000, 0x0000000097000000|  0%| F|  |TAMS 0x0000000096f00000, 0x0000000096f00000| Untracked 
| 368|0x0000000097000000, 0x0000000097000000, 0x0000000097100000|  0%| F|  |TAMS 0x0000000097000000, 0x0000000097000000| Untracked 
| 369|0x0000000097100000, 0x0000000097100000, 0x0000000097200000|  0%| F|  |TAMS 0x0000000097100000, 0x0000000097100000| Untracked 
| 370|0x0000000097200000, 0x0000000097200000, 0x0000000097300000|  0%| F|  |TAMS 0x0000000097200000, 0x0000000097200000| Untracked 
| 371|0x0000000097300000, 0x0000000097300000, 0x0000000097400000|  0%| F|  |TAMS 0x0000000097300000, 0x0000000097300000| Untracked 
| 372|0x0000000097400000, 0x0000000097400000, 0x0000000097500000|  0%| F|  |TAMS 0x0000000097400000, 0x0000000097400000| Untracked 
| 373|0x0000000097500000, 0x0000000097500000, 0x0000000097600000|  0%| F|  |TAMS 0x0000000097500000, 0x0000000097500000| Untracked 
| 374|0x0000000097600000, 0x0000000097600000, 0x0000000097700000|  0%| F|  |TAMS 0x0000000097600000, 0x0000000097600000| Untracked 
| 375|0x0000000097700000, 0x0000000097700000, 0x0000000097800000|  0%| F|  |TAMS 0x0000000097700000, 0x0000000097700000| Untracked 
| 376|0x0000000097800000, 0x0000000097800000, 0x0000000097900000|  0%| F|  |TAMS 0x0000000097800000, 0x0000000097800000| Untracked 
| 377|0x0000000097900000, 0x0000000097900000, 0x0000000097a00000|  0%| F|  |TAMS 0x0000000097900000, 0x0000000097900000| Untracked 
| 378|0x0000000097a00000, 0x0000000097a00000, 0x0000000097b00000|  0%| F|  |TAMS 0x0000000097a00000, 0x0000000097a00000| Untracked 
| 379|0x0000000097b00000, 0x0000000097b00000, 0x0000000097c00000|  0%| F|  |TAMS 0x0000000097b00000, 0x0000000097b00000| Untracked 
| 380|0x0000000097c00000, 0x0000000097c00000, 0x0000000097d00000|  0%| F|  |TAMS 0x0000000097c00000, 0x0000000097c00000| Untracked 
| 381|0x0000000097d00000, 0x0000000097d00000, 0x0000000097e00000|  0%| F|  |TAMS 0x0000000097d00000, 0x0000000097d00000| Untracked 
| 382|0x0000000097e00000, 0x0000000097e00000, 0x0000000097f00000|  0%| F|  |TAMS 0x0000000097e00000, 0x0000000097e00000| Untracked 
| 383|0x0000000097f00000, 0x0000000097f00000, 0x0000000098000000|  0%| F|  |TAMS 0x0000000097f00000, 0x0000000097f00000| Untracked 
| 384|0x0000000098000000, 0x0000000098000000, 0x0000000098100000|  0%| F|  |TAMS 0x0000000098000000, 0x0000000098000000| Untracked 
| 385|0x0000000098100000, 0x0000000098100000, 0x0000000098200000|  0%| F|  |TAMS 0x0000000098100000, 0x0000000098100000| Untracked 

Card table byte_map: [0x00000163d2390000,0x00000163d2790000] _byte_map_base: 0x00000163d1f90000

Marking Bits (Prev, Next): (CMBitMap*) 0x00000163bee9d978, (CMBitMap*) 0x00000163bee9d9b0
 Prev Bits: [0x00000163d2b90000, 0x00000163d4b90000)
 Next Bits: [0x00000163d4b90000, 0x00000163d6b90000)

Polling page: 0x00000163bd5d0000

Metaspace:

Usage:
  Non-class:    123.02 MB capacity,   121.06 MB ( 98%) used,     1.54 MB (  1%) free+waste,   430.38 KB ( <1%) overhead. 
      Class:     18.42 MB capacity,    17.18 MB ( 93%) used,     1.05 MB (  6%) free+waste,   187.31 KB ( <1%) overhead. 
       Both:    141.44 MB capacity,   138.24 MB ( 98%) used,     2.60 MB (  2%) free+waste,   617.69 KB ( <1%) overhead. 

Virtual space:
  Non-class space:      124.00 MB reserved,     123.25 MB (>99%) committed 
      Class space:        1.00 GB reserved,      18.50 MB (  2%) committed 
             Both:        1.12 GB reserved,     141.75 MB ( 12%) committed 

Chunk freelists:
   Non-Class:  43.00 KB
       Class:  0 bytes
        Both:  43.00 KB

MaxMetaspaceSize: 17179869184.00 GB
CompressedClassSpaceSize: 1.00 GB

CodeHeap 'non-profiled nmethods': size=120064Kb used=13826Kb max_used=13826Kb free=106237Kb
 bounds [0x00000163ca410000, 0x00000163cb1a0000, 0x00000163d1950000]
CodeHeap 'profiled nmethods': size=120000Kb used=52471Kb max_used=52471Kb free=67528Kb
 bounds [0x00000163c2ee0000, 0x00000163c6240000, 0x00000163ca410000]
CodeHeap 'non-nmethods': size=5696Kb used=2389Kb max_used=2485Kb free=3306Kb
 bounds [0x00000163c2950000, 0x00000163c2bc0000, 0x00000163c2ee0000]
 total_blobs=23518 nmethods=22492 adapters=934
 compilation: enabled
              stopped_count=0, restarted_count=0
 full_count=0

Compilation events (20 events):
Event: 2232.181 Thread 0x00000163d91ac000 24366       2       com.android.tools.r8.internal.Vr::<init> (10 bytes)
Event: 2232.182 Thread 0x00000163d91ac000 nmethod 24366 0x00000163c621e810 code [0x00000163c621e9c0, 0x00000163c621eac8]
Event: 2232.195 Thread 0x00000163d91ac000 24367 %     3       com.android.tools.r8.internal.pf::hashCode @ 9 (42 bytes)
Event: 2232.196 Thread 0x00000163d91ac000 nmethod 24367% 0x00000163c621eb90 code [0x00000163c621ed80, 0x00000163c621f208]
Event: 2232.196 Thread 0x00000163d91ac000 24368       3       com.android.tools.r8.internal.pf::hashCode (42 bytes)
Event: 2232.196 Thread 0x00000163d91ac000 nmethod 24368 0x00000163c621f390 code [0x00000163c621f580, 0x00000163c621f988]
Event: 2232.241 Thread 0x00000163d91ac000 24370       2       com.android.tools.r8.internal.Le::a (57 bytes)
Event: 2232.242 Thread 0x00000163d91ac000 nmethod 24370 0x00000163c621fb10 code [0x00000163c621fd20, 0x00000163c6220048]
Event: 2232.278 Thread 0x00000163d91ac000 24372       2       com.android.tools.r8.references.ArrayReference::<init> (41 bytes)
Event: 2232.278 Thread 0x00000163d91ac000 nmethod 24372 0x00000163c6220390 code [0x00000163c6220540, 0x00000163c62206d8]
Event: 2232.295 Thread 0x00000163d91ac000 24373       2       com.android.tools.r8.internal.nj::a (128 bytes)
Event: 2232.295 Thread 0x00000163d91ac000 nmethod 24373 0x00000163c6220790 code [0x00000163c62209a0, 0x00000163c6220da8]
Event: 2232.332 Thread 0x00000163d91ac000 24375 %     3       com.android.tools.r8.internal.W4::a @ 108 (370 bytes)
Event: 2232.336 Thread 0x00000163d91ac000 nmethod 24375% 0x00000163c6221090 code [0x00000163c6221520, 0x00000163c6223f58]
Event: 2232.349 Thread 0x00000163d91ac000 24376 %     3       com.android.tools.r8.internal.sA::b @ 176 (1053 bytes)
Event: 2232.359 Thread 0x00000163d91ac000 nmethod 24376% 0x00000163c6225110 code [0x00000163c6225c80, 0x00000163c622e238]
Event: 2232.382 Thread 0x00000163d91ac000 24379       2       com.android.tools.r8.references.ArrayReference::a (75 bytes)
Event: 2232.384 Thread 0x00000163d91ac000 nmethod 24379 0x00000163c6230e90 code [0x00000163c6231120, 0x00000163c62319b8]
Event: 2232.398 Thread 0x00000163d91ac000 24380       2       com.android.tools.r8.internal.nj::a (61 bytes)
Event: 2232.398 Thread 0x00000163d91ac000 nmethod 24380 0x00000163c6231f10 code [0x00000163c6232120, 0x00000163c62323e8]

GC Heap History (20 events):
Event: 2227.804 GC heap after
{Heap after GC invocations=76 (full 0):
 garbage-first heap   total 328704K, used 204004K [0x0000000080000000, 0x0000000100000000)
  region size 1024K, 6 young (6144K), 6 survivors (6144K)
 Metaspace       used 140837K, capacity 144038K, committed 144256K, reserved 1175552K
  class space    used 17526K, capacity 18759K, committed 18816K, reserved 1048576K
}
Event: 2228.085 GC heap before
{Heap before GC invocations=76 (full 0):
 garbage-first heap   total 328704K, used 275684K [0x0000000080000000, 0x0000000100000000)
  region size 1024K, 76 young (77824K), 6 survivors (6144K)
 Metaspace       used 140878K, capacity 144106K, committed 144256K, reserved 1175552K
  class space    used 17526K, capacity 18759K, committed 18816K, reserved 1048576K
}
Event: 2228.096 GC heap after
{Heap after GC invocations=77 (full 0):
 garbage-first heap   total 328704K, used 204101K [0x0000000080000000, 0x0000000100000000)
  region size 1024K, 5 young (5120K), 5 survivors (5120K)
 Metaspace       used 140878K, capacity 144106K, committed 144256K, reserved 1175552K
  class space    used 17526K, capacity 18759K, committed 18816K, reserved 1048576K
}
Event: 2228.379 GC heap before
{Heap before GC invocations=77 (full 0):
 garbage-first heap   total 328704K, used 277829K [0x0000000080000000, 0x0000000100000000)
  region size 1024K, 77 young (78848K), 5 survivors (5120K)
 Metaspace       used 140898K, capacity 144114K, committed 144256K, reserved 1175552K
  class space    used 17527K, capacity 18761K, committed 18816K, reserved 1048576K
}
Event: 2228.389 GC heap after
{Heap after GC invocations=78 (full 0):
 garbage-first heap   total 328704K, used 205102K [0x0000000080000000, 0x0000000100000000)
  region size 1024K, 6 young (6144K), 6 survivors (6144K)
 Metaspace       used 140898K, capacity 144114K, committed 144256K, reserved 1175552K
  class space    used 17527K, capacity 18761K, committed 18816K, reserved 1048576K
}
Event: 2228.773 GC heap before
{Heap before GC invocations=78 (full 0):
 garbage-first heap   total 328704K, used 278830K [0x0000000080000000, 0x0000000100000000)
  region size 1024K, 78 young (79872K), 6 survivors (6144K)
 Metaspace       used 140939K, capacity 144180K, committed 144256K, reserved 1175552K
  class space    used 17528K, capacity 18761K, committed 18816K, reserved 1048576K
}
Event: 2228.785 GC heap after
{Heap after GC invocations=79 (full 0):
 garbage-first heap   total 328704K, used 205616K [0x0000000080000000, 0x0000000100000000)
  region size 1024K, 5 young (5120K), 5 survivors (5120K)
 Metaspace       used 140939K, capacity 144180K, committed 144256K, reserved 1175552K
  class space    used 17528K, capacity 18761K, committed 18816K, reserved 1048576K
}
Event: 2229.099 GC heap before
{Heap before GC invocations=79 (full 0):
 garbage-first heap   total 328704K, used 280368K [0x0000000080000000, 0x0000000100000000)
  region size 1024K, 78 young (79872K), 5 survivors (5120K)
 Metaspace       used 140952K, capacity 144181K, committed 144256K, reserved 1175552K
  class space    used 17528K, capacity 18761K, committed 18816K, reserved 1048576K
}
Event: 2229.112 GC heap after
{Heap after GC invocations=80 (full 0):
 garbage-first heap   total 328704K, used 207101K [0x0000000080000000, 0x0000000100000000)
  region size 1024K, 7 young (7168K), 7 survivors (7168K)
 Metaspace       used 140952K, capacity 144181K, committed 144256K, reserved 1175552K
  class space    used 17528K, capacity 18761K, committed 18816K, reserved 1048576K
}
Event: 2229.418 GC heap before
{Heap before GC invocations=80 (full 0):
 garbage-first heap   total 328704K, used 281853K [0x0000000080000000, 0x0000000100000000)
  region size 1024K, 80 young (81920K), 7 survivors (7168K)
 Metaspace       used 141105K, capacity 144426K, committed 144640K, reserved 1175552K
  class space    used 17566K, capacity 18824K, committed 18944K, reserved 1048576K
}
Event: 2229.432 GC heap after
{Heap after GC invocations=81 (full 0):
 garbage-first heap   total 328704K, used 207069K [0x0000000080000000, 0x0000000100000000)
  region size 1024K, 6 young (6144K), 6 survivors (6144K)
 Metaspace       used 141105K, capacity 144426K, committed 144640K, reserved 1175552K
  class space    used 17566K, capacity 18824K, committed 18944K, reserved 1048576K
}
Event: 2229.911 GC heap before
{Heap before GC invocations=81 (full 0):
 garbage-first heap   total 328704K, used 282845K [0x0000000080000000, 0x0000000100000000)
  region size 1024K, 80 young (81920K), 6 survivors (6144K)
 Metaspace       used 141456K, capacity 144746K, committed 144896K, reserved 1175552K
  class space    used 17586K, capacity 18853K, committed 18944K, reserved 1048576K
}
Event: 2229.929 GC heap after
{Heap after GC invocations=82 (full 0):
 garbage-first heap   total 395264K, used 208061K [0x0000000080000000, 0x0000000100000000)
  region size 1024K, 7 young (7168K), 7 survivors (7168K)
 Metaspace       used 141456K, capacity 144746K, committed 144896K, reserved 1175552K
  class space    used 17586K, capacity 18853K, committed 18944K, reserved 1048576K
}
Event: 2230.509 GC heap before
{Heap before GC invocations=82 (full 0):
 garbage-first heap   total 395264K, used 321725K [0x0000000080000000, 0x0000000100000000)
  region size 1024K, 118 young (120832K), 7 survivors (7168K)
 Metaspace       used 141491K, capacity 144756K, committed 144896K, reserved 1175552K
  class space    used 17590K, capacity 18856K, committed 18944K, reserved 1048576K
}
Event: 2230.526 GC heap after
{Heap after GC invocations=83 (full 0):
 garbage-first heap   total 395264K, used 208415K [0x0000000080000000, 0x0000000100000000)
  region size 1024K, 7 young (7168K), 7 survivors (7168K)
 Metaspace       used 141491K, capacity 144756K, committed 144896K, reserved 1175552K
  class space    used 17590K, capacity 18856K, committed 18944K, reserved 1048576K
}
Event: 2231.245 GC heap before
{Heap before GC invocations=83 (full 0):
 garbage-first heap   total 395264K, used 344607K [0x0000000080000000, 0x0000000100000000)
  region size 1024K, 141 young (144384K), 7 survivors (7168K)
 Metaspace       used 141527K, capacity 144830K, committed 145152K, reserved 1175552K
  class space    used 17591K, capacity 18858K, committed 18944K, reserved 1048576K
}
Event: 2231.262 GC heap after
{Heap after GC invocations=84 (full 0):
 garbage-first heap   total 395264K, used 210944K [0x0000000080000000, 0x0000000100000000)
  region size 1024K, 10 young (10240K), 10 survivors (10240K)
 Metaspace       used 141527K, capacity 144830K, committed 145152K, reserved 1175552K
  class space    used 17591K, capacity 18858K, committed 18944K, reserved 1048576K
}
Event: 2231.934 GC heap before
{Heap before GC invocations=84 (full 0):
 garbage-first heap   total 395264K, used 344064K [0x0000000080000000, 0x0000000100000000)
  region size 1024K, 140 young (143360K), 10 survivors (10240K)
 Metaspace       used 141543K, capacity 144831K, committed 145152K, reserved 1175552K
  class space    used 17591K, capacity 18858K, committed 18944K, reserved 1048576K
}
Event: 2231.952 GC heap after
{Heap after GC invocations=85 (full 0):
 garbage-first heap   total 395264K, used 212050K [0x0000000080000000, 0x0000000100000000)
  region size 1024K, 11 young (11264K), 11 survivors (11264K)
 Metaspace       used 141543K, capacity 144831K, committed 145152K, reserved 1175552K
  class space    used 17591K, capacity 18858K, committed 18944K, reserved 1048576K
}
Event: 2232.410 GC heap before
{Heap before GC invocations=85 (full 0):
 garbage-first heap   total 395264K, used 342098K [0x0000000080000000, 0x0000000100000000)
  region size 1024K, 139 young (142336K), 11 survivors (11264K)
 Metaspace       used 141552K, capacity 144831K, committed 145152K, reserved 1175552K
  class space    used 17591K, capacity 18858K, committed 18944K, reserved 1048576K
}

Deoptimization events (20 events):
Event: 2231.526 Thread 0x00000163db332000 DEOPT PACKING pc=0x00000163c5aba5ea sp=0x0000005ae54f8d40
Event: 2231.526 Thread 0x00000163db332000 DEOPT UNPACKING pc=0x00000163c29776ce sp=0x0000005ae54f8510 mode 0
Event: 2231.597 Thread 0x00000163dbef1800 DEOPT PACKING pc=0x00000163c59d47da sp=0x0000005ae55f9560
Event: 2231.597 Thread 0x00000163dbef1800 DEOPT UNPACKING pc=0x00000163c29776ce sp=0x0000005ae55f8cf0 mode 0
Event: 2231.661 Thread 0x00000163dbef1800 DEOPT PACKING pc=0x00000163c5aba5ea sp=0x0000005ae55f96c0
Event: 2231.661 Thread 0x00000163dbef1800 DEOPT UNPACKING pc=0x00000163c29776ce sp=0x0000005ae55f8e90 mode 0
Event: 2231.869 Thread 0x00000163db333000 DEOPT PACKING pc=0x00000163c5aba5ea sp=0x0000005ae53f9340
Event: 2231.869 Thread 0x00000163db333000 DEOPT UNPACKING pc=0x00000163c29776ce sp=0x0000005ae53f8b10 mode 0
Event: 2231.911 Thread 0x00000163dbef1800 DEOPT PACKING pc=0x00000163c5aba5ea sp=0x0000005ae55f96c0
Event: 2231.911 Thread 0x00000163dbef1800 DEOPT UNPACKING pc=0x00000163c29776ce sp=0x0000005ae55f8e90 mode 0
Event: 2232.062 Thread 0x00000163db32f800 DEOPT PACKING pc=0x00000163c37f6e31 sp=0x0000005ae50f9530
Event: 2232.062 Thread 0x00000163db32f800 DEOPT UNPACKING pc=0x00000163c29776ce sp=0x0000005ae50f8940 mode 0
Event: 2232.120 Thread 0x00000163dbef1800 DEOPT PACKING pc=0x00000163c5aba5ea sp=0x0000005ae55f92f0
Event: 2232.120 Thread 0x00000163dbef1800 DEOPT UNPACKING pc=0x00000163c29776ce sp=0x0000005ae55f8ac0 mode 0
Event: 2232.127 Thread 0x00000163db32f800 DEOPT PACKING pc=0x00000163c5b58186 sp=0x0000005ae50f9460
Event: 2232.127 Thread 0x00000163db32f800 DEOPT UNPACKING pc=0x00000163c29776ce sp=0x0000005ae50f8940 mode 0
Event: 2232.196 Thread 0x00000163dbef1800 DEOPT PACKING pc=0x00000163c38e8843 sp=0x0000005ae55f9820
Event: 2232.196 Thread 0x00000163dbef1800 DEOPT UNPACKING pc=0x00000163c29776ce sp=0x0000005ae55f8cb8 mode 0
Event: 2232.388 Thread 0x00000163dbef1800 DEOPT PACKING pc=0x00000163c5aba5ea sp=0x0000005ae55f96c0
Event: 2232.388 Thread 0x00000163dbef1800 DEOPT UNPACKING pc=0x00000163c29776ce sp=0x0000005ae55f8e90 mode 0

Classes redefined (0 events):
No events

Internal exceptions (20 events):
Event: 2224.966 Thread 0x00000163db32f800 Exception <a 'java/lang/NoSuchMethodError'{0x00000000918d8b38}: 'void java.lang.invoke.DirectMethodHandle$Holder.invokeStatic(java.lang.Object, java.lang.Object, java.lang.Object, java.lang.Object, java.lang.Object, java.lang.Object, java.lang.Object, java.lang.Object)'> (0x00000000918d8b38) thrown at [./src/hotspot/share/interpreter/linkResolver.cpp, line 773]
Event: 2225.237 Thread 0x00000163db32f800 Exception <a 'java/lang/IncompatibleClassChangeError'{0x000000009359b8c8}: Found class java.lang.Object, but interface was expected> (0x000000009359b8c8) thrown at [./src/hotspot/share/interpreter/linkResolver.cpp, line 839]
Event: 2225.543 Thread 0x00000163db32f800 Exception <a 'java/lang/NoSuchMethodError'{0x00000000912476f0}: 'void java.lang.invoke.DirectMethodHandle$Holder.invokeVirtual(java.lang.Object, java.lang.Object, int)'> (0x00000000912476f0) thrown at [./src/hotspot/share/interpreter/linkResolver.cpp, line 773]
Event: 2225.663 Thread 0x00000163db32f800 Exception <a 'sun/nio/fs/WindowsException'{0x0000000090858890}> (0x0000000090858890) thrown at [./src/hotspot/share/prims/jni.cpp, line 615]
Event: 2225.808 Thread 0x00000163db333000 Implicit null exception at 0x00000163cac6a4eb to 0x00000163cac6a50c
Event: 2226.573 Thread 0x00000163db32f800 Exception <a 'sun/nio/fs/WindowsException'{0x0000000092dea0e0}> (0x0000000092dea0e0) thrown at [./src/hotspot/share/prims/jni.cpp, line 615]
Event: 2227.144 Thread 0x00000163db32f800 Exception <a 'java/lang/NoSuchMethodError'{0x0000000094001550}: 'java.lang.Object java.lang.invoke.DirectMethodHandle$Holder.invokeSpecial(java.lang.Object, java.lang.Object, java.lang.Object, java.lang.Object, java.lang.Object, java.lang.Object, java.lang.Object, java.lang.Object, java.lang.Object, java.lang.Object, java.lang.Object)'> (0x0000000094001550) thrown at [./src/hotspot/share/interpreter/linkResolver.cpp, line 773]
Event: 2227.148 Thread 0x00000163db32f800 Exception <a 'java/lang/NoSuchMethodError'{0x000000009400ce00}: 'java.lang.Object java.lang.invoke.Invokers$Holder.linkToTargetMethod(java.lang.Object, java.lang.Object, java.lang.Object, java.lang.Object, java.lang.Object, java.lang.Object, java.lang.Object, java.lang.Object, java.lang.Object, java.lang.Object)'> (0x000000009400ce00) thrown at [./src/hotspot/share/interpreter/linkResolver.cpp, line 773]
Event: 2227.200 Thread 0x00000163db32f800 Exception <a 'java/lang/IncompatibleClassChangeError'{0x000000009376eae8}: Found class java.lang.Object, but interface was expected> (0x000000009376eae8) thrown at [./src/hotspot/share/interpreter/linkResolver.cpp, line 839]
Event: 2229.353 Thread 0x00000163db32f800 Implicit null exception at 0x00000163ca5530ef to 0x00000163ca55322c
Event: 2229.490 Thread 0x00000163db32f800 Exception <a 'java/lang/NoSuchMethodError'{0x0000000093734228}: 'int java.lang.invoke.DirectMethodHandle$Holder.invokeSpecial(java.lang.Object, java.lang.Object, java.lang.Object, java.lang.Object, java.lang.Object, java.lang.Object)'> (0x0000000093734228) thrown at [./src/hotspot/share/interpreter/linkResolver.cpp, line 773]
Event: 2229.667 Thread 0x00000163db332000 Implicit null exception at 0x00000163cb113034 to 0x00000163cb118f74
Event: 2229.858 Thread 0x00000163db32f800 Exception <a 'sun/nio/fs/WindowsException'{0x000000009053be00}> (0x000000009053be00) thrown at [./src/hotspot/share/prims/jni.cpp, line 615]
Event: 2230.161 Thread 0x00000163db333000 Implicit null exception at 0x00000163cb127414 to 0x00000163cb12c070
Event: 2230.424 Thread 0x00000163db32f800 Exception <a 'sun/nio/fs/WindowsException'{0x0000000096a573b8}> (0x0000000096a573b8) thrown at [./src/hotspot/share/prims/jni.cpp, line 615]
Event: 2230.438 Thread 0x00000163db32f800 Exception <a 'sun/nio/fs/WindowsException'{0x0000000091fea4c0}> (0x0000000091fea4c0) thrown at [./src/hotspot/share/prims/jni.cpp, line 615]
Event: 2231.068 Thread 0x00000163db332000 Implicit null exception at 0x00000163cb15768b to 0x00000163cb15cc80
Event: 2231.120 Thread 0x00000163db32f800 Exception <a 'sun/nio/fs/WindowsException'{0x0000000093652fc8}> (0x0000000093652fc8) thrown at [./src/hotspot/share/prims/jni.cpp, line 615]
Event: 2231.210 Thread 0x00000163db32f800 Exception <a 'sun/nio/fs/WindowsException'{0x000000008fdccbf8}> (0x000000008fdccbf8) thrown at [./src/hotspot/share/prims/jni.cpp, line 615]
Event: 2231.966 Thread 0x00000163db32f800 Exception <a 'sun/nio/fs/WindowsException'{0x0000000097b5e390}> (0x0000000097b5e390) thrown at [./src/hotspot/share/prims/jni.cpp, line 615]

Events (20 events):
Event: 2230.487 loading class com/android/tools/r8/internal/CE done
Event: 2230.488 loading class com/android/tools/r8/code/F0
Event: 2230.488 loading class com/android/tools/r8/code/F0 done
Event: 2230.488 loading class com/android/tools/r8/code/F0
Event: 2230.488 loading class com/android/tools/r8/code/F0 done
Event: 2230.488 loading class com/android/tools/r8/code/F0
Event: 2230.488 loading class com/android/tools/r8/code/F0 done
Event: 2230.507 Executing VM operation: G1CollectForAllocation
Event: 2230.526 Executing VM operation: G1CollectForAllocation done
Event: 2230.583 loading class com/android/tools/r8/origin/Origin
Event: 2230.583 loading class com/android/tools/r8/origin/Origin done
Event: 2230.583 loading class com/android/tools/r8/origin/Origin
Event: 2230.583 loading class com/android/tools/r8/origin/Origin done
Event: 2230.936 loading class com/android/tools/r8/internal/UF
Event: 2230.936 loading class com/android/tools/r8/internal/UF done
Event: 2231.243 Executing VM operation: G1CollectForAllocation
Event: 2231.262 Executing VM operation: G1CollectForAllocation done
Event: 2231.933 Executing VM operation: G1CollectForAllocation
Event: 2231.952 Executing VM operation: G1CollectForAllocation done
Event: 2232.409 Executing VM operation: G1CollectForAllocation


Dynamic libraries:
0x00007ff626a90000 - 0x00007ff626a9a000 	C:\Program Files\Android\Android Studio\jre\bin\java.exe
0x00007fff35d30000 - 0x00007fff35f25000 	C:\Windows\SYSTEM32\ntdll.dll
0x00007fff356a0000 - 0x00007fff3575e000 	C:\Windows\System32\KERNEL32.DLL
0x00007fff334e0000 - 0x00007fff337a8000 	C:\Windows\System32\KERNELBASE.dll
0x00007fff33a50000 - 0x00007fff33b50000 	C:\Windows\System32\ucrtbase.dll
0x00007fff2b700000 - 0x00007fff2b717000 	C:\Program Files\Android\Android Studio\jre\bin\VCRUNTIME140.dll
0x00007fff223f0000 - 0x00007fff22409000 	C:\Program Files\Android\Android Studio\jre\bin\jli.dll
0x00007fff35940000 - 0x00007fff35ae1000 	C:\Windows\System32\USER32.dll
0x00007fff33b50000 - 0x00007fff33b72000 	C:\Windows\System32\win32u.dll
0x00007fff1b9b0000 - 0x00007fff1bc4a000 	C:\Windows\WinSxS\amd64_microsoft.windows.common-controls_6595b64144ccf1df_6.0.19041.1110_none_60b5254171f9507e\COMCTL32.dll
0x00007fff34fd0000 - 0x00007fff34ffb000 	C:\Windows\System32\GDI32.dll
0x00007fff33910000 - 0x00007fff33a1b000 	C:\Windows\System32\gdi32full.dll
0x00007fff33b80000 - 0x00007fff33c1d000 	C:\Windows\System32\msvcp_win.dll
0x00007fff34e10000 - 0x00007fff34eae000 	C:\Windows\System32\msvcrt.dll
0x00007fff35190000 - 0x00007fff351c0000 	C:\Windows\System32\IMM32.DLL
0x00007ffeffee0000 - 0x00007ffefff7d000 	C:\Program Files\Android\Android Studio\jre\bin\msvcp140.dll
0x00007ffef5790000 - 0x00007ffef625f000 	C:\Program Files\Android\Android Studio\jre\bin\server\jvm.dll
0x00007fff344d0000 - 0x00007fff3457c000 	C:\Windows\System32\ADVAPI32.dll
0x00007fff34d70000 - 0x00007fff34e0b000 	C:\Windows\System32\sechost.dll
0x00007fff35b50000 - 0x00007fff35c7a000 	C:\Windows\System32\RPCRT4.dll
0x00007fff347b0000 - 0x00007fff347b8000 	C:\Windows\System32\PSAPI.DLL
0x00007fff207d0000 - 0x00007fff207d9000 	C:\Windows\SYSTEM32\WSOCK32.dll
0x00007fff13160000 - 0x00007fff13187000 	C:\Windows\SYSTEM32\WINMM.dll
0x00007fff2d150000 - 0x00007fff2d15a000 	C:\Windows\SYSTEM32\VERSION.dll
0x00007fff35c80000 - 0x00007fff35ceb000 	C:\Windows\System32\WS2_32.dll
0x00007fff31cd0000 - 0x00007fff31ce2000 	C:\Windows\SYSTEM32\kernel.appcore.dll
0x00007fff2c5f0000 - 0x00007fff2c601000 	C:\Program Files\Android\Android Studio\jre\bin\verify.dll
0x00007fff31240000 - 0x00007fff31424000 	C:\Windows\SYSTEM32\DBGHELP.DLL
0x00007fff1b4c0000 - 0x00007fff1b4ec000 	C:\Windows\SYSTEM32\dbgcore.DLL
0x00007fff33450000 - 0x00007fff334d3000 	C:\Windows\System32\bcryptPrimitives.dll
0x00007fff1fb60000 - 0x00007fff1fb89000 	C:\Program Files\Android\Android Studio\jre\bin\java.dll
0x00007fff2c5e0000 - 0x00007fff2c5eb000 	C:\Program Files\Android\Android Studio\jre\bin\jimage.dll
0x00007fff2b0b0000 - 0x00007fff2b0c8000 	C:\Program Files\Android\Android Studio\jre\bin\zip.dll
0x00007fff33d90000 - 0x00007fff344cf000 	C:\Windows\System32\SHELL32.dll
0x00007fff31430000 - 0x00007fff31bc0000 	C:\Windows\SYSTEM32\windows.storage.dll
0x00007fff347c0000 - 0x00007fff34b15000 	C:\Windows\System32\combase.dll
0x00007fff32dd0000 - 0x00007fff32dfe000 	C:\Windows\SYSTEM32\Wldp.dll
0x00007fff35890000 - 0x00007fff3593d000 	C:\Windows\System32\SHCORE.dll
0x00007fff35af0000 - 0x00007fff35b45000 	C:\Windows\System32\shlwapi.dll
0x00007fff33390000 - 0x00007fff333af000 	C:\Windows\SYSTEM32\profapi.dll
0x00007fff227d0000 - 0x00007fff227ea000 	C:\Program Files\Android\Android Studio\jre\bin\net.dll
0x00007fff21510000 - 0x00007fff2161c000 	C:\Windows\SYSTEM32\WINHTTP.dll
0x00007fff32b30000 - 0x00007fff32b9a000 	C:\Windows\system32\mswsock.dll
0x00007fff21da0000 - 0x00007fff21db4000 	C:\Program Files\Android\Android Studio\jre\bin\nio.dll
0x00007fff02930000 - 0x00007fff02957000 	C:\Users\usuario\.gradle\native\8bec1ad78214c89d9ad589b4d07fe93259594b29d510b10fafb7a158f7737e5d\windows-amd64\native-platform.dll
0x00007ffef6a90000 - 0x00007ffef6bcd000 	C:\Users\usuario\.gradle\native\53dbd7edfb1c66fb8903c78663c9afc45aea4f116125fa6feffd364cf09443e8\windows-amd64\native-platform-file-events.dll
0x00007fff28270000 - 0x00007fff2827a000 	C:\Program Files\Android\Android Studio\jre\bin\management.dll
0x00007fff22e60000 - 0x00007fff22e6c000 	C:\Program Files\Android\Android Studio\jre\bin\management_ext.dll
0x00007fff32d20000 - 0x00007fff32d38000 	C:\Windows\SYSTEM32\CRYPTSP.dll
0x00007fff324b0000 - 0x00007fff324e4000 	C:\Windows\system32\rsaenh.dll
0x00007fff33a20000 - 0x00007fff33a47000 	C:\Windows\System32\bcrypt.dll
0x00007fff33350000 - 0x00007fff3337e000 	C:\Windows\SYSTEM32\USERENV.dll
0x00007fff32d40000 - 0x00007fff32d4c000 	C:\Windows\SYSTEM32\CRYPTBASE.dll
0x00007fff32820000 - 0x00007fff3285b000 	C:\Windows\SYSTEM32\IPHLPAPI.DLL
0x00007fff34bb0000 - 0x00007fff34bb8000 	C:\Windows\System32\NSI.dll
0x00007fff28920000 - 0x00007fff28937000 	C:\Windows\SYSTEM32\dhcpcsvc6.DLL
0x00007fff29510000 - 0x00007fff2952d000 	C:\Windows\SYSTEM32\dhcpcsvc.DLL
0x00007fff32860000 - 0x00007fff3292b000 	C:\Windows\SYSTEM32\DNSAPI.dll
0x00007fff32200000 - 0x00007fff32233000 	C:\Windows\SYSTEM32\ntmarta.dll
0x00007fff18ee0000 - 0x00007fff18f07000 	C:\Program Files\Android\Android Studio\jre\bin\sunec.dll
0x00007fff213c0000 - 0x00007fff213ca000 	C:\Windows\System32\rasadhlp.dll
0x00007fff21490000 - 0x00007fff2150f000 	C:\Windows\System32\fwpuclnt.dll

dbghelp: loaded successfully - version: 4.0.5 - missing functions: none
symbol engine: initialized successfully - sym options: 0x614 - pdb path: .;C:\Program Files\Android\Android Studio\jre\bin;C:\Windows\SYSTEM32;C:\Windows\WinSxS\amd64_microsoft.windows.common-controls_6595b64144ccf1df_6.0.19041.1110_none_60b5254171f9507e;C:\Program Files\Android\Android Studio\jre\bin\server;C:\Users\usuario\.gradle\native\8bec1ad78214c89d9ad589b4d07fe93259594b29d510b10fafb7a158f7737e5d\windows-amd64;C:\Users\usuario\.gradle\native\53dbd7edfb1c66fb8903c78663c9afc45aea4f116125fa6feffd364cf09443e8\windows-amd64

VM Arguments:
jvm_args: --add-opens=java.base/java.util=ALL-UNNAMED --add-opens=java.base/java.lang=ALL-UNNAMED --add-opens=java.base/java.lang.invoke=ALL-UNNAMED --add-opens=java.base/java.util=ALL-UNNAMED --add-opens=java.prefs/java.util.prefs=ALL-UNNAMED --add-opens=java.prefs/java.util.prefs=ALL-UNNAMED --add-opens=java.base/java.nio.charset=ALL-UNNAMED --add-opens=java.base/java.net=ALL-UNNAMED --add-opens=java.base/java.util.concurrent.atomic=ALL-UNNAMED -Xmx2048m -Dfile.encoding=UTF-8 -Duser.country=BR -Duser.language=pt -Duser.variant 
java_command: org.gradle.launcher.daemon.bootstrap.GradleDaemon 7.0.2
java_class_path (initial): C:\Users\usuario\.gradle\wrapper\dists\gradle-7.0.2-bin\857tjihv64xamwrf0h14cai3r\gradle-7.0.2\lib\gradle-launcher-7.0.2.jar
Launcher Type: SUN_STANDARD

[Global flags]
     intx CICompilerCount                          = 3                                         {product} {ergonomic}
     uint ConcGCThreads                            = 1                                         {product} {ergonomic}
     uint G1ConcRefinementThreads                  = 4                                         {product} {ergonomic}
   size_t G1HeapRegionSize                         = 1048576                                   {product} {ergonomic}
    uintx GCDrainStackTargetSize                   = 64                                        {product} {ergonomic}
   size_t InitialHeapSize                          = 134217728                                 {product} {ergonomic}
   size_t MarkStackSize                            = 4194304                                   {product} {ergonomic}
   size_t MaxHeapSize                              = 2147483648                                {product} {command line}
   size_t MaxNewSize                               = 1287651328                                {product} {ergonomic}
   size_t MinHeapDeltaBytes                        = 1048576                                   {product} {ergonomic}
    uintx NonNMethodCodeHeapSize                   = 5830732                                {pd product} {ergonomic}
    uintx NonProfiledCodeHeapSize                  = 122913754                              {pd product} {ergonomic}
    uintx ProfiledCodeHeapSize                     = 122913754                              {pd product} {ergonomic}
    uintx ReservedCodeCacheSize                    = 251658240                              {pd product} {ergonomic}
     bool SegmentedCodeCache                       = true                                      {product} {ergonomic}
     bool UseCompressedClassPointers               = true                                 {lp64_product} {ergonomic}
     bool UseCompressedOops                        = true                                 {lp64_product} {ergonomic}
     bool UseG1GC                                  = true                                      {product} {ergonomic}
     bool UseLargePagesIndividualAllocation        = false                                  {pd product} {ergonomic}

Logging:
Log output configuration:
 #0: stdout all=warning uptime,level,tags
 #1: stderr all=off uptime,level,tags

Environment Variables:
JAVA_HOME=C:\Program Files\Zulu\zulu-8\
PATH=C:\Program Files\Zulu\zulu-8\bin\;C:\Windows\system32;C:\Windows;C:\Windows\System32\Wbem;C:\Windows\System32\WindowsPowerShell\v1.0\;C:\Windows\System32\OpenSSH\;C:\Program Files (x86)\Intel\Intel(R) Management Engine Components\DAL;C:\Program Files\Intel\Intel(R) Management Engine Components\DAL;C:\ProgramData\UNIVALI\Portugol Studio;C:\Program Files\Git\cmd;C:\Program Files\Microsoft SQL Server\150\Tools\Binn\;C:\Program Files\Microsoft SQL Server\Client SDK\ODBC\170\Tools\Binn\;C:\Program Files\dotnet\;C:\Users\usuario\AppData\Local\Microsoft\WindowsApps;C:\Users\usuario\.dotnet\tools;C:\Users\usuario\AppData\Local\Programs\Microsoft VS Code\bin
USERNAME=usuario
OS=Windows_NT
PROCESSOR_IDENTIFIER=Intel64 Family 6 Model 78 Stepping 3, GenuineIntel



---------------  S Y S T E M  ---------------

OS: Windows 10 , 64 bit Build 19041 (10.0.19041.1348)
OS uptime: 4 days 16:51 hours

CPU:total 4 (initial active 4) (2 cores per cpu, 2 threads per core) family 6 model 78 stepping 3 microcode 0xcc, cmov, cx8, fxsr, mmx, sse, sse2, sse3, ssse3, sse4.1, sse4.2, popcnt, avx, avx2, aes, clmul, erms, 3dnowpref, lzcnt, ht, tsc, tscinvbit, bmi1, bmi2, adx, fma

Memory: 4k page, system-wide physical 8083M (372M free)
TotalPageFile size 12179M (AvailPageFile size 70M)
current process WorkingSet (physical memory assigned to process): 676M, peak: 681M
current process commit charge ("private bytes"): 858M, peak: 929M

vm_info: OpenJDK 64-Bit Server VM (11.0.10+0-b96-7249189) for windows-amd64 JRE (11.0.10+0-b96-7249189), built on Mar 31 2021 21:44:00 by "builder" with MS VC++ 14.0 (VS2015)

END.
